{"/home/travis/build/npmtest/node-npmtest-react-templates/test.js":{"path":"/home/travis/build/npmtest/node-npmtest-react-templates/test.js","s":{"1":2,"2":2,"3":2,"4":2,"5":2,"6":2,"7":2,"8":1,"9":2,"10":2,"11":1,"12":1,"13":1,"14":1,"15":2,"16":2,"17":2,"18":2,"19":1,"20":1,"21":2,"22":2,"23":2,"24":1,"25":1,"26":1,"27":1,"28":1,"29":1,"30":1,"31":1,"32":1,"33":1,"34":1,"35":1,"36":1,"37":1,"38":1,"39":2,"40":2,"41":1,"42":2,"43":2,"44":1,"45":2,"46":2,"47":1,"48":2,"49":2,"50":1,"51":1,"52":1,"53":1,"54":1},"b":{"1":[2,1,1,1],"2":[1,1,1,1],"3":[1,1],"4":[1,1],"5":[1,1],"6":[1,1],"7":[1,1],"8":[1,1],"9":[1,1],"10":[1,1,1],"11":[1,1],"12":[1,1],"13":[1,1],"14":[1,1],"15":[1,1],"16":[1,1],"17":[1,1]},"f":{"1":2,"2":2,"3":2,"4":2,"5":2,"6":1,"7":1,"8":1,"9":2,"10":2,"11":2,"12":2,"13":1},"fnMap":{"1":{"name":"(anonymous_1)","line":12,"loc":{"start":{"line":12,"column":1},"end":{"line":12,"column":13}}},"2":{"name":"(anonymous_2)","line":19,"loc":{"start":{"line":19,"column":5},"end":{"line":19,"column":17}}},"3":{"name":"(anonymous_3)","line":23,"loc":{"start":{"line":23,"column":24},"end":{"line":23,"column":36}}},"4":{"name":"(anonymous_4)","line":61,"loc":{"start":{"line":61,"column":5},"end":{"line":61,"column":17}}},"5":{"name":"(anonymous_5)","line":82,"loc":{"start":{"line":82,"column":5},"end":{"line":82,"column":17}}},"6":{"name":"(anonymous_6)","line":91,"loc":{"start":{"line":91,"column":77},"end":{"line":94,"column":10}}},"7":{"name":"(anonymous_7)","line":112,"loc":{"start":{"line":112,"column":83},"end":{"line":115,"column":10}},"skip":true},"8":{"name":"(anonymous_8)","line":123,"loc":{"start":{"line":123,"column":77},"end":{"line":126,"column":10}},"skip":true},"9":{"name":"(anonymous_9)","line":139,"loc":{"start":{"line":139,"column":12},"end":{"line":139,"column":40}},"skip":true},"10":{"name":"(anonymous_10)","line":147,"loc":{"start":{"line":147,"column":77},"end":{"line":150,"column":10}},"skip":true},"11":{"name":"(anonymous_11)","line":158,"loc":{"start":{"line":158,"column":83},"end":{"line":161,"column":10}},"skip":true},"12":{"name":"(anonymous_12)","line":169,"loc":{"start":{"line":169,"column":79},"end":{"line":172,"column":10}},"skip":true},"13":{"name":"(anonymous_13)","line":180,"loc":{"start":{"line":180,"column":75},"end":{"line":183,"column":10}},"skip":true}},"statementMap":{"1":{"start":{"line":12,"column":0},"end":{"line":195,"column":5}},"2":{"start":{"line":14,"column":4},"end":{"line":14,"column":14}},"3":{"start":{"line":19,"column":4},"end":{"line":56,"column":9}},"4":{"start":{"line":21,"column":8},"end":{"line":21,"column":19}},"5":{"start":{"line":23,"column":8},"end":{"line":35,"column":13}},"6":{"start":{"line":24,"column":12},"end":{"line":34,"column":13}},"7":{"start":{"line":25,"column":16},"end":{"line":28,"column":30}},"8":{"start":{"line":30,"column":16},"end":{"line":33,"column":27}},"9":{"start":{"line":37,"column":8},"end":{"line":39,"column":21}},"10":{"start":{"line":40,"column":8},"end":{"line":53,"column":9}},"11":{"start":{"line":43,"column":12},"end":{"line":46,"column":14}},"12":{"start":{"line":47,"column":12},"end":{"line":47,"column":18}},"13":{"start":{"line":50,"column":12},"end":{"line":51,"column":33}},"14":{"start":{"line":52,"column":12},"end":{"line":52,"column":18}},"15":{"start":{"line":55,"column":8},"end":{"line":55,"column":35}},"16":{"start":{"line":61,"column":4},"end":{"line":63,"column":9}},"17":{"start":{"line":62,"column":8},"end":{"line":62,"column":15}},"18":{"start":{"line":64,"column":4},"end":{"line":77,"column":5}},"19":{"start":{"line":70,"column":8},"end":{"line":70,"column":14}},"20":{"start":{"line":76,"column":8},"end":{"line":76,"column":14}},"21":{"start":{"line":82,"column":4},"end":{"line":84,"column":9}},"22":{"start":{"line":83,"column":8},"end":{"line":83,"column":15}},"23":{"start":{"line":85,"column":4},"end":{"line":194,"column":5}},"24":{"start":{"line":91,"column":8},"end":{"line":99,"column":10}},"25":{"start":{"line":98,"column":12},"end":{"line":98,"column":35}},"26":{"start":{"line":102,"column":8},"end":{"line":104,"column":63}},"27":{"start":{"line":105,"column":8},"end":{"line":105,"column":14}},"28":{"start":{"line":112,"column":8},"end":{"line":121,"column":10},"skip":true},"29":{"start":{"line":119,"column":12},"end":{"line":119,"column":55},"skip":true},"30":{"start":{"line":120,"column":12},"end":{"line":120,"column":48},"skip":true},"31":{"start":{"line":123,"column":8},"end":{"line":136,"column":10},"skip":true},"32":{"start":{"line":130,"column":12},"end":{"line":130,"column":76},"skip":true},"33":{"start":{"line":131,"column":12},"end":{"line":131,"column":73},"skip":true},"34":{"start":{"line":132,"column":12},"end":{"line":132,"column":74},"skip":true},"35":{"start":{"line":133,"column":12},"end":{"line":133,"column":79},"skip":true},"36":{"start":{"line":134,"column":12},"end":{"line":134,"column":25},"skip":true},"37":{"start":{"line":135,"column":12},"end":{"line":135,"column":45},"skip":true},"38":{"start":{"line":138,"column":8},"end":{"line":145,"column":14},"skip":true},"39":{"start":{"line":143,"column":16},"end":{"line":143,"column":29},"skip":true},"40":{"start":{"line":144,"column":16},"end":{"line":144,"column":55},"skip":true},"41":{"start":{"line":147,"column":8},"end":{"line":156,"column":10},"skip":true},"42":{"start":{"line":154,"column":12},"end":{"line":154,"column":25},"skip":true},"43":{"start":{"line":155,"column":12},"end":{"line":155,"column":45},"skip":true},"44":{"start":{"line":158,"column":8},"end":{"line":167,"column":10},"skip":true},"45":{"start":{"line":165,"column":12},"end":{"line":165,"column":25},"skip":true},"46":{"start":{"line":166,"column":12},"end":{"line":166,"column":48},"skip":true},"47":{"start":{"line":169,"column":8},"end":{"line":178,"column":10},"skip":true},"48":{"start":{"line":176,"column":12},"end":{"line":176,"column":25},"skip":true},"49":{"start":{"line":177,"column":12},"end":{"line":177,"column":46},"skip":true},"50":{"start":{"line":180,"column":8},"end":{"line":189,"column":10},"skip":true},"51":{"start":{"line":187,"column":12},"end":{"line":187,"column":94},"skip":true},"52":{"start":{"line":188,"column":12},"end":{"line":188,"column":48},"skip":true},"53":{"start":{"line":192,"column":8},"end":{"line":192,"column":35},"skip":true},"54":{"start":{"line":193,"column":8},"end":{"line":193,"column":14},"skip":true}},"branchMap":{"1":{"line":25,"type":"binary-expr","locations":[{"start":{"line":25,"column":23},"end":{"line":25,"column":62}},{"start":{"line":26,"column":20},"end":{"line":26,"column":70}},{"start":{"line":27,"column":20},"end":{"line":27,"column":71}},{"start":{"line":28,"column":20},"end":{"line":28,"column":29}}]},"2":{"line":30,"type":"binary-expr","locations":[{"start":{"line":30,"column":23},"end":{"line":30,"column":37}},{"start":{"line":31,"column":20},"end":{"line":31,"column":61}},{"start":{"line":32,"column":20},"end":{"line":32,"column":70}},{"start":{"line":33,"column":20},"end":{"line":33,"column":26}}]},"3":{"line":37,"type":"cond-expr","locations":[{"start":{"line":38,"column":14},"end":{"line":38,"column":20}},{"start":{"line":39,"column":14},"end":{"line":39,"column":20}}]},"4":{"line":40,"type":"switch","locations":[{"start":{"line":42,"column":8},"end":{"line":47,"column":18}},{"start":{"line":49,"column":8},"end":{"line":52,"column":18}}]},"5":{"line":44,"type":"binary-expr","locations":[{"start":{"line":44,"column":16},"end":{"line":44,"column":44}},{"start":{"line":44,"column":48},"end":{"line":44,"column":66}}]},"6":{"line":50,"type":"binary-expr","locations":[{"start":{"line":50,"column":21},"end":{"line":50,"column":49}},{"start":{"line":50,"column":53},"end":{"line":50,"column":72}}]},"7":{"line":64,"type":"switch","locations":[{"start":{"line":69,"column":4},"end":{"line":70,"column":14}},{"start":{"line":75,"column":4},"end":{"line":76,"column":14}}]},"8":{"line":85,"type":"switch","locations":[{"start":{"line":90,"column":4},"end":{"line":105,"column":14}},{"start":{"line":111,"column":4},"end":{"line":193,"column":14},"skip":true}]},"9":{"line":91,"type":"binary-expr","locations":[{"start":{"line":91,"column":42},"end":{"line":91,"column":73}},{"start":{"line":91,"column":77},"end":{"line":99,"column":9}}]},"10":{"line":102,"type":"binary-expr","locations":[{"start":{"line":102,"column":18},"end":{"line":102,"column":32}},{"start":{"line":103,"column":12},"end":{"line":103,"column":53}},{"start":{"line":104,"column":12},"end":{"line":104,"column":61}}]},"11":{"line":112,"type":"binary-expr","locations":[{"start":{"line":112,"column":45},"end":{"line":112,"column":79},"skip":true},{"start":{"line":112,"column":83},"end":{"line":121,"column":9},"skip":true}]},"12":{"line":123,"type":"binary-expr","locations":[{"start":{"line":123,"column":42},"end":{"line":123,"column":73},"skip":true},{"start":{"line":123,"column":77},"end":{"line":136,"column":9},"skip":true}]},"13":{"line":138,"type":"binary-expr","locations":[{"start":{"line":138,"column":48},"end":{"line":138,"column":85},"skip":true},{"start":{"line":139,"column":12},"end":{"line":145,"column":13},"skip":true}]},"14":{"line":147,"type":"binary-expr","locations":[{"start":{"line":147,"column":42},"end":{"line":147,"column":73},"skip":true},{"start":{"line":147,"column":77},"end":{"line":156,"column":9},"skip":true}]},"15":{"line":158,"type":"binary-expr","locations":[{"start":{"line":158,"column":45},"end":{"line":158,"column":79},"skip":true},{"start":{"line":158,"column":83},"end":{"line":167,"column":9},"skip":true}]},"16":{"line":169,"type":"binary-expr","locations":[{"start":{"line":169,"column":43},"end":{"line":169,"column":75},"skip":true},{"start":{"line":169,"column":79},"end":{"line":178,"column":9},"skip":true}]},"17":{"line":180,"type":"binary-expr","locations":[{"start":{"line":180,"column":41},"end":{"line":180,"column":71},"skip":true},{"start":{"line":180,"column":75},"end":{"line":189,"column":9},"skip":true}]}},"code":["/* istanbul instrument in package npmtest_react_templates */","/*jslint","    bitwise: true,","    browser: true,","    maxerr: 8,","    maxlen: 96,","    node: true,","    nomen: true,","    regexp: true,","    stupid: true","*/","(function () {","    'use strict';","    var local;","","","","    // run shared js-env code - pre-init","    (function () {","        // init local","        local = {};","        // init modeJs","        local.modeJs = (function () {","            try {","                return typeof navigator.userAgent === 'string' &&","                    typeof document.querySelector('body') === 'object' &&","                    typeof XMLHttpRequest.prototype.open === 'function' &&","                    'browser';","            } catch (errorCaughtBrowser) {","                return module.exports &&","                    typeof process.versions.node === 'string' &&","                    typeof require('http').createServer === 'function' &&","                    'node';","            }","        }());","        // init global","        local.global = local.modeJs === 'browser'","            ? window","            : global;","        switch (local.modeJs) {","        // re-init local from window.local","        case 'browser':","            local = local.global.utility2.objectSetDefault(","                local.global.utility2_rollup || local.global.local,","                local.global.utility2","            );","            break;","        // re-init local from example.js","        case 'node':","            local = (local.global.utility2_rollup || require('utility2'))","                .requireReadme();","            break;","        }","        // export local","        local.global.local = local;","    }());","","","","    // run shared js-env code - function","    (function () {","        return;","    }());","    switch (local.modeJs) {","","","","    // run browser js-env code - function","    case 'browser':","        break;","","","","    // run node js-env code - function","    case 'node':","        break;","    }","","","","    // run shared js-env code - post-init","    (function () {","        return;","    }());","    switch (local.modeJs) {","","","","    // run browser js-env code - post-init","    case 'browser':","        local.testCase_browser_nullCase = local.testCase_browser_nullCase || function (","            options,","            onError","        ) {","        /*","         * this function will test browsers's null-case handling-behavior-behavior","         */","            onError(null, options);","        };","","        // run tests","        local.nop(local.modeTest &&","            document.querySelector('#testRunButton1') &&","            document.querySelector('#testRunButton1').click());","        break;","","","","    // run node js-env code - post-init","    /* istanbul ignore next */","    case 'node':","        local.testCase_buildApidoc_default = local.testCase_buildApidoc_default || function (","            options,","            onError","        ) {","        /*","         * this function will test buildApidoc's default handling-behavior-behavior","         */","            options = { modulePathList: module.paths };","            local.buildApidoc(options, onError);","        };","","        local.testCase_buildApp_default = local.testCase_buildApp_default || function (","            options,","            onError","        ) {","        /*","         * this function will test buildApp's default handling-behavior-behavior","         */","            local.testCase_buildReadme_default(options, local.onErrorThrow);","            local.testCase_buildLib_default(options, local.onErrorThrow);","            local.testCase_buildTest_default(options, local.onErrorThrow);","            local.testCase_buildCustomOrg_default(options, local.onErrorThrow);","            options = [];","            local.buildApp(options, onError);","        };","","        local.testCase_buildCustomOrg_default = local.testCase_buildCustomOrg_default ||","            function (options, onError) {","            /*","             * this function will test buildCustomOrg's default handling-behavior","             */","                options = {};","                local.buildCustomOrg(options, onError);","            };","","        local.testCase_buildLib_default = local.testCase_buildLib_default || function (","            options,","            onError","        ) {","        /*","         * this function will test buildLib's default handling-behavior","         */","            options = {};","            local.buildLib(options, onError);","        };","","        local.testCase_buildReadme_default = local.testCase_buildReadme_default || function (","            options,","            onError","        ) {","        /*","         * this function will test buildReadme's default handling-behavior-behavior","         */","            options = {};","            local.buildReadme(options, onError);","        };","","        local.testCase_buildTest_default = local.testCase_buildTest_default || function (","            options,","            onError","        ) {","        /*","         * this function will test buildTest's default handling-behavior","         */","            options = {};","            local.buildTest(options, onError);","        };","","        local.testCase_webpage_default = local.testCase_webpage_default || function (","            options,","            onError","        ) {","        /*","         * this function will test webpage's default handling-behavior","         */","            options = { modeCoverageMerge: true, url: local.serverLocalHost + '?modeTest=1' };","            local.browserTest(options, onError);","        };","","        // run test-server","        local.testRunServer(local);","        break;","    }","}());",""],"l":{"12":2,"14":2,"19":2,"21":2,"23":2,"24":2,"25":2,"30":1,"37":2,"40":2,"43":1,"47":1,"50":1,"52":1,"55":2,"61":2,"62":2,"64":2,"70":1,"76":1,"82":2,"83":2,"85":2,"91":1,"98":1,"102":1,"105":1,"112":1,"119":1,"120":1,"123":1,"130":1,"131":1,"132":1,"133":1,"134":1,"135":1,"138":1,"143":2,"144":2,"147":1,"154":2,"155":2,"158":1,"165":2,"166":2,"169":1,"176":2,"177":2,"180":1,"187":1,"188":1,"192":1,"193":1}},"/home/travis/build/npmtest/node-npmtest-react-templates/lib.npmtest_react_templates.js":{"path":"/home/travis/build/npmtest/node-npmtest-react-templates/lib.npmtest_react_templates.js","s":{"1":2,"2":2,"3":2,"4":2,"5":2,"6":2,"7":2,"8":1,"9":2,"10":2,"11":2,"12":2,"13":1,"14":1,"15":1,"16":1},"b":{"1":[2,1,1,1],"2":[1,1,1,1],"3":[1,1],"4":[2,2],"5":[1,1]},"f":{"1":2,"2":2,"3":2},"fnMap":{"1":{"name":"(anonymous_1)","line":12,"loc":{"start":{"line":12,"column":1},"end":{"line":12,"column":13}}},"2":{"name":"(anonymous_2)","line":19,"loc":{"start":{"line":19,"column":5},"end":{"line":19,"column":17}}},"3":{"name":"(anonymous_3)","line":23,"loc":{"start":{"line":23,"column":24},"end":{"line":23,"column":36}}}},"statementMap":{"1":{"start":{"line":12,"column":0},"end":{"line":53,"column":5}},"2":{"start":{"line":14,"column":4},"end":{"line":14,"column":14}},"3":{"start":{"line":19,"column":4},"end":{"line":52,"column":9}},"4":{"start":{"line":21,"column":8},"end":{"line":21,"column":19}},"5":{"start":{"line":23,"column":8},"end":{"line":35,"column":13}},"6":{"start":{"line":24,"column":12},"end":{"line":34,"column":13}},"7":{"start":{"line":25,"column":16},"end":{"line":28,"column":30}},"8":{"start":{"line":30,"column":16},"end":{"line":33,"column":27}},"9":{"start":{"line":37,"column":8},"end":{"line":39,"column":21}},"10":{"start":{"line":41,"column":8},"end":{"line":41,"column":54}},"11":{"start":{"line":43,"column":8},"end":{"line":43,"column":60}},"12":{"start":{"line":45,"column":8},"end":{"line":51,"column":9}},"13":{"start":{"line":46,"column":12},"end":{"line":46,"column":66}},"14":{"start":{"line":48,"column":12},"end":{"line":48,"column":35}},"15":{"start":{"line":49,"column":12},"end":{"line":49,"column":49}},"16":{"start":{"line":50,"column":12},"end":{"line":50,"column":43}}},"branchMap":{"1":{"line":25,"type":"binary-expr","locations":[{"start":{"line":25,"column":23},"end":{"line":25,"column":62}},{"start":{"line":26,"column":20},"end":{"line":26,"column":70}},{"start":{"line":27,"column":20},"end":{"line":27,"column":71}},{"start":{"line":28,"column":20},"end":{"line":28,"column":29}}]},"2":{"line":30,"type":"binary-expr","locations":[{"start":{"line":30,"column":23},"end":{"line":30,"column":37}},{"start":{"line":31,"column":20},"end":{"line":31,"column":61}},{"start":{"line":32,"column":20},"end":{"line":32,"column":70}},{"start":{"line":33,"column":20},"end":{"line":33,"column":26}}]},"3":{"line":37,"type":"cond-expr","locations":[{"start":{"line":38,"column":14},"end":{"line":38,"column":20}},{"start":{"line":39,"column":14},"end":{"line":39,"column":20}}]},"4":{"line":41,"type":"binary-expr","locations":[{"start":{"line":41,"column":16},"end":{"line":41,"column":44}},{"start":{"line":41,"column":48},"end":{"line":41,"column":53}}]},"5":{"line":45,"type":"if","locations":[{"start":{"line":45,"column":8},"end":{"line":45,"column":8}},{"start":{"line":45,"column":8},"end":{"line":45,"column":8}}]}},"code":["/* istanbul instrument in package npmtest_react_templates */","/*jslint","    bitwise: true,","    browser: true,","    maxerr: 8,","    maxlen: 96,","    node: true,","    nomen: true,","    regexp: true,","    stupid: true","*/","(function () {","    'use strict';","    var local;","","","","    // run shared js-env code - pre-init","    (function () {","        // init local","        local = {};","        // init modeJs","        local.modeJs = (function () {","            try {","                return typeof navigator.userAgent === 'string' &&","                    typeof document.querySelector('body') === 'object' &&","                    typeof XMLHttpRequest.prototype.open === 'function' &&","                    'browser';","            } catch (errorCaughtBrowser) {","                return module.exports &&","                    typeof process.versions.node === 'string' &&","                    typeof require('http').createServer === 'function' &&","                    'node';","            }","        }());","        // init global","        local.global = local.modeJs === 'browser'","            ? window","            : global;","        // init utility2_rollup","        local = local.global.utility2_rollup || local;","        // init lib","        local.local = local.npmtest_react_templates = local;","        // init exports","        if (local.modeJs === 'browser') {","            local.global.utility2_npmtest_react_templates = local;","        } else {","            module.exports = local;","            module.exports.__dirname = __dirname;","            module.exports.module = module;","        }","    }());","}());",""],"l":{"12":2,"14":2,"19":2,"21":2,"23":2,"24":2,"25":2,"30":1,"37":2,"41":2,"43":2,"45":2,"46":1,"48":1,"49":1,"50":1}},"/home/travis/build/npmtest/node-npmtest-react-templates/example.js":{"path":"/home/travis/build/npmtest/node-npmtest-react-templates/example.js","s":{"1":2,"2":2,"3":2,"4":2,"5":2,"6":2,"7":2,"8":1,"9":2,"10":2,"11":2,"12":2,"13":1,"14":2,"15":2,"16":2,"17":2,"18":2,"19":0,"20":2,"21":1,"22":1,"23":1,"24":1,"25":1,"26":0,"27":0,"28":1,"29":1,"30":2,"31":0,"32":0,"33":0,"34":1,"35":2,"36":2,"37":3,"38":3,"39":3,"40":3,"41":0,"42":3,"43":3,"44":3,"45":1,"46":3,"47":1,"48":1,"49":1,"50":1,"51":1,"52":1,"53":1,"54":1,"55":1,"56":1,"57":0,"58":1,"59":6,"60":6,"61":1,"62":2,"63":0,"64":2,"65":1,"66":1,"67":0,"68":0,"69":0,"70":0,"71":0,"72":0,"73":0,"74":0,"75":0,"76":0,"77":0,"78":0,"79":0,"80":0,"81":0,"82":0,"83":0},"b":{"1":[2,1,1,1],"2":[1,1,1,1],"3":[1,1],"4":[2,2],"5":[1,1],"6":[1,1],"7":[2,0],"8":[2,1,1,1,1,1],"9":[0,2,0],"10":[1,1],"11":[2,1,1],"12":[1,0],"13":[0,2],"14":[2,0,0,0,0,0,0],"15":[0,3],"16":[3,0],"17":[1,1],"18":[0,1],"19":[1,2,0,2],"20":[1,0],"21":[1,1],"22":[0,0],"23":[0,0],"24":[0,0],"25":[0,0],"26":[0,0],"27":[0,0],"28":[0,0]},"f":{"1":2,"2":2,"3":2,"4":2,"5":2,"6":2,"7":3,"8":3,"9":3,"10":1,"11":6,"12":0},"fnMap":{"1":{"name":"(anonymous_1)","line":26,"loc":{"start":{"line":26,"column":1},"end":{"line":26,"column":13}}},"2":{"name":"(anonymous_2)","line":33,"loc":{"start":{"line":33,"column":5},"end":{"line":33,"column":17}}},"3":{"name":"(anonymous_3)","line":37,"loc":{"start":{"line":37,"column":24},"end":{"line":37,"column":36}}},"4":{"name":"(anonymous_4)","line":69,"loc":{"start":{"line":69,"column":31},"end":{"line":69,"column":48}},"skip":true},"5":{"name":"(anonymous_5)","line":78,"loc":{"start":{"line":78,"column":26},"end":{"line":78,"column":45}},"skip":true},"6":{"name":"(anonymous_6)","line":123,"loc":{"start":{"line":123,"column":33},"end":{"line":123,"column":48}},"skip":true},"7":{"name":"(anonymous_7)","line":125,"loc":{"start":{"line":125,"column":27},"end":{"line":125,"column":39}},"skip":true},"8":{"name":"(anonymous_8)","line":133,"loc":{"start":{"line":133,"column":59},"end":{"line":133,"column":74}},"skip":true},"9":{"name":"(anonymous_9)","line":143,"loc":{"start":{"line":143,"column":45},"end":{"line":143,"column":62}},"skip":true},"10":{"name":"(anonymous_10)","line":144,"loc":{"start":{"line":144,"column":73},"end":{"line":144,"column":92}},"skip":true},"11":{"name":"(anonymous_11)","line":272,"loc":{"start":{"line":272,"column":51},"end":{"line":272,"column":77}},"skip":true},"12":{"name":"(anonymous_12)","line":315,"loc":{"start":{"line":315,"column":32},"end":{"line":315,"column":61}},"skip":true}},"statementMap":{"1":{"start":{"line":26,"column":0},"end":{"line":326,"column":5}},"2":{"start":{"line":28,"column":4},"end":{"line":28,"column":14}},"3":{"start":{"line":33,"column":4},"end":{"line":60,"column":9}},"4":{"start":{"line":35,"column":8},"end":{"line":35,"column":19}},"5":{"start":{"line":37,"column":8},"end":{"line":49,"column":13}},"6":{"start":{"line":38,"column":12},"end":{"line":48,"column":13}},"7":{"start":{"line":39,"column":16},"end":{"line":42,"column":30}},"8":{"start":{"line":44,"column":16},"end":{"line":47,"column":27}},"9":{"start":{"line":51,"column":8},"end":{"line":53,"column":21}},"10":{"start":{"line":55,"column":8},"end":{"line":57,"column":45}},"11":{"start":{"line":59,"column":8},"end":{"line":59,"column":35}},"12":{"start":{"line":61,"column":4},"end":{"line":325,"column":5}},"13":{"start":{"line":69,"column":8},"end":{"line":121,"column":10},"skip":true},"14":{"start":{"line":70,"column":12},"end":{"line":88,"column":13},"skip":true},"15":{"start":{"line":76,"column":16},"end":{"line":87,"column":19},"skip":true},"16":{"start":{"line":79,"column":20},"end":{"line":86,"column":21},"skip":true},"17":{"start":{"line":82,"column":24},"end":{"line":82,"column":43},"skip":true},"18":{"start":{"line":83,"column":24},"end":{"line":83,"column":30},"skip":true},"19":{"start":{"line":85,"column":24},"end":{"line":85,"column":49},"skip":true},"20":{"start":{"line":89,"column":12},"end":{"line":107,"column":13},"skip":true},"21":{"start":{"line":92,"column":16},"end":{"line":102,"column":17},"skip":true},"22":{"start":{"line":93,"column":20},"end":{"line":93,"column":86},"skip":true},"23":{"start":{"line":94,"column":20},"end":{"line":95,"column":45},"skip":true},"24":{"start":{"line":96,"column":20},"end":{"line":96,"column":42},"skip":true},"25":{"start":{"line":97,"column":20},"end":{"line":97,"column":48},"skip":true},"26":{"start":{"line":100,"column":20},"end":{"line":100,"column":85},"skip":true},"27":{"start":{"line":101,"column":20},"end":{"line":101,"column":96},"skip":true},"28":{"start":{"line":103,"column":16},"end":{"line":103,"column":22},"skip":true},"29":{"start":{"line":106,"column":16},"end":{"line":106,"column":22},"skip":true},"30":{"start":{"line":108,"column":12},"end":{"line":120,"column":13},"skip":true},"31":{"start":{"line":114,"column":16},"end":{"line":119,"column":17},"skip":true},"32":{"start":{"line":116,"column":20},"end":{"line":116,"column":78},"skip":true},"33":{"start":{"line":118,"column":20},"end":{"line":118,"column":47},"skip":true},"34":{"start":{"line":123,"column":8},"end":{"line":141,"column":11},"skip":true},"35":{"start":{"line":124,"column":12},"end":{"line":124,"column":54},"skip":true},"36":{"start":{"line":125,"column":12},"end":{"line":140,"column":14},"skip":true},"37":{"start":{"line":126,"column":16},"end":{"line":126,"column":28},"skip":true},"38":{"start":{"line":127,"column":16},"end":{"line":127,"column":69},"skip":true},"39":{"start":{"line":128,"column":16},"end":{"line":128,"column":75},"skip":true},"40":{"start":{"line":129,"column":16},"end":{"line":131,"column":17},"skip":true},"41":{"start":{"line":130,"column":20},"end":{"line":130,"column":27},"skip":true},"42":{"start":{"line":133,"column":16},"end":{"line":137,"column":36},"skip":true},"43":{"start":{"line":134,"column":20},"end":{"line":136,"column":55},"skip":true},"44":{"start":{"line":139,"column":16},"end":{"line":139,"column":57},"skip":true},"45":{"start":{"line":143,"column":8},"end":{"line":147,"column":11},"skip":true},"46":{"start":{"line":144,"column":12},"end":{"line":146,"column":15},"skip":true},"47":{"start":{"line":145,"column":16},"end":{"line":145,"column":70},"skip":true},"48":{"start":{"line":149,"column":8},"end":{"line":149,"column":31},"skip":true},"49":{"start":{"line":150,"column":8},"end":{"line":150,"column":14},"skip":true},"50":{"start":{"line":158,"column":8},"end":{"line":158,"column":31},"skip":true},"51":{"start":{"line":160,"column":8},"end":{"line":160,"column":33},"skip":true},"52":{"start":{"line":161,"column":8},"end":{"line":161,"column":37},"skip":true},"53":{"start":{"line":162,"column":8},"end":{"line":162,"column":35},"skip":true},"54":{"start":{"line":164,"column":8},"end":{"line":164,"column":50},"skip":true},"55":{"start":{"line":166,"column":8},"end":{"line":256,"column":2},"skip":true},"56":{"start":{"line":258,"column":8},"end":{"line":286,"column":9},"skip":true},"57":{"start":{"line":259,"column":12},"end":{"line":269,"column":14},"skip":true},"58":{"start":{"line":271,"column":12},"end":{"line":285,"column":19},"skip":true},"59":{"start":{"line":274,"column":20},"end":{"line":274,"column":35},"skip":true},"60":{"start":{"line":275,"column":20},"end":{"line":284,"column":21},"skip":true},"61":{"start":{"line":277,"column":24},"end":{"line":277,"column":64},"skip":true},"62":{"start":{"line":279,"column":24},"end":{"line":279,"column":40},"skip":true},"63":{"start":{"line":281,"column":24},"end":{"line":281,"column":40},"skip":true},"64":{"start":{"line":283,"column":24},"end":{"line":283,"column":39},"skip":true},"65":{"start":{"line":288,"column":8},"end":{"line":290,"column":9},"skip":true},"66":{"start":{"line":289,"column":12},"end":{"line":289,"column":18},"skip":true},"67":{"start":{"line":291,"column":8},"end":{"line":293,"column":54},"skip":true},"68":{"start":{"line":296,"column":8},"end":{"line":301,"column":37},"skip":true},"69":{"start":{"line":303,"column":8},"end":{"line":303,"column":82},"skip":true},"70":{"start":{"line":306,"column":8},"end":{"line":308,"column":9},"skip":true},"71":{"start":{"line":307,"column":12},"end":{"line":307,"column":82},"skip":true},"72":{"start":{"line":310,"column":8},"end":{"line":312,"column":9},"skip":true},"73":{"start":{"line":311,"column":12},"end":{"line":311,"column":18},"skip":true},"74":{"start":{"line":313,"column":8},"end":{"line":313,"column":54},"skip":true},"75":{"start":{"line":314,"column":8},"end":{"line":314,"column":69},"skip":true},"76":{"start":{"line":315,"column":8},"end":{"line":323,"column":36},"skip":true},"77":{"start":{"line":316,"column":12},"end":{"line":316,"column":61},"skip":true},"78":{"start":{"line":317,"column":12},"end":{"line":320,"column":13},"skip":true},"79":{"start":{"line":318,"column":16},"end":{"line":318,"column":75},"skip":true},"80":{"start":{"line":319,"column":16},"end":{"line":319,"column":23},"skip":true},"81":{"start":{"line":321,"column":12},"end":{"line":321,"column":38},"skip":true},"82":{"start":{"line":322,"column":12},"end":{"line":322,"column":27},"skip":true},"83":{"start":{"line":324,"column":8},"end":{"line":324,"column":14},"skip":true}},"branchMap":{"1":{"line":39,"type":"binary-expr","locations":[{"start":{"line":39,"column":23},"end":{"line":39,"column":62}},{"start":{"line":40,"column":20},"end":{"line":40,"column":70}},{"start":{"line":41,"column":20},"end":{"line":41,"column":71}},{"start":{"line":42,"column":20},"end":{"line":42,"column":29}}]},"2":{"line":44,"type":"binary-expr","locations":[{"start":{"line":44,"column":23},"end":{"line":44,"column":37}},{"start":{"line":45,"column":20},"end":{"line":45,"column":61}},{"start":{"line":46,"column":20},"end":{"line":46,"column":70}},{"start":{"line":47,"column":20},"end":{"line":47,"column":26}}]},"3":{"line":51,"type":"cond-expr","locations":[{"start":{"line":52,"column":14},"end":{"line":52,"column":20}},{"start":{"line":53,"column":14},"end":{"line":53,"column":20}}]},"4":{"line":55,"type":"binary-expr","locations":[{"start":{"line":55,"column":16},"end":{"line":55,"column":44}},{"start":{"line":55,"column":49},"end":{"line":57,"column":43}}]},"5":{"line":55,"type":"cond-expr","locations":[{"start":{"line":56,"column":14},"end":{"line":56,"column":59}},{"start":{"line":57,"column":14},"end":{"line":57,"column":43}}]},"6":{"line":61,"type":"switch","locations":[{"start":{"line":68,"column":4},"end":{"line":150,"column":14},"skip":true},{"start":{"line":156,"column":4},"end":{"line":324,"column":14},"skip":true}]},"7":{"line":70,"type":"if","locations":[{"start":{"line":70,"column":12},"end":{"line":70,"column":12},"skip":true},{"start":{"line":70,"column":12},"end":{"line":70,"column":12},"skip":true}]},"8":{"line":70,"type":"binary-expr","locations":[{"start":{"line":70,"column":16},"end":{"line":70,"column":22},"skip":true},{"start":{"line":70,"column":27},"end":{"line":70,"column":32},"skip":true},{"start":{"line":71,"column":20},"end":{"line":71,"column":39},"skip":true},{"start":{"line":72,"column":20},"end":{"line":72,"column":49},"skip":true},{"start":{"line":73,"column":20},"end":{"line":73,"column":58},"skip":true},{"start":{"line":74,"column":20},"end":{"line":74,"column":69},"skip":true}]},"9":{"line":79,"type":"switch","locations":[{"start":{"line":80,"column":20},"end":{"line":80,"column":33},"skip":true},{"start":{"line":81,"column":20},"end":{"line":83,"column":30},"skip":true},{"start":{"line":84,"column":20},"end":{"line":85,"column":49},"skip":true}]},"10":{"line":89,"type":"switch","locations":[{"start":{"line":90,"column":12},"end":{"line":103,"column":22},"skip":true},{"start":{"line":105,"column":12},"end":{"line":106,"column":22},"skip":true}]},"11":{"line":89,"type":"binary-expr","locations":[{"start":{"line":89,"column":20},"end":{"line":89,"column":25},"skip":true},{"start":{"line":89,"column":29},"end":{"line":89,"column":48},"skip":true},{"start":{"line":89,"column":52},"end":{"line":89,"column":74},"skip":true}]},"12":{"line":92,"type":"if","locations":[{"start":{"line":92,"column":16},"end":{"line":92,"column":16},"skip":true},{"start":{"line":92,"column":16},"end":{"line":92,"column":16},"skip":true}]},"13":{"line":108,"type":"if","locations":[{"start":{"line":108,"column":12},"end":{"line":108,"column":12},"skip":true},{"start":{"line":108,"column":12},"end":{"line":108,"column":12},"skip":true}]},"14":{"line":108,"type":"binary-expr","locations":[{"start":{"line":108,"column":16},"end":{"line":108,"column":61},"skip":true},{"start":{"line":108,"column":66},"end":{"line":108,"column":72},"skip":true},{"start":{"line":108,"column":77},"end":{"line":108,"column":82},"skip":true},{"start":{"line":109,"column":20},"end":{"line":109,"column":39},"skip":true},{"start":{"line":110,"column":20},"end":{"line":110,"column":49},"skip":true},{"start":{"line":111,"column":20},"end":{"line":111,"column":58},"skip":true},{"start":{"line":112,"column":20},"end":{"line":112,"column":68},"skip":true}]},"15":{"line":129,"type":"if","locations":[{"start":{"line":129,"column":16},"end":{"line":129,"column":16},"skip":true},{"start":{"line":129,"column":16},"end":{"line":129,"column":16},"skip":true}]},"16":{"line":134,"type":"cond-expr","locations":[{"start":{"line":135,"column":26},"end":{"line":135,"column":29},"skip":true},{"start":{"line":136,"column":26},"end":{"line":136,"column":54},"skip":true}]},"17":{"line":164,"type":"binary-expr","locations":[{"start":{"line":164,"column":27},"end":{"line":164,"column":43},"skip":true},{"start":{"line":164,"column":47},"end":{"line":164,"column":49},"skip":true}]},"18":{"line":258,"type":"if","locations":[{"start":{"line":258,"column":8},"end":{"line":258,"column":8},"skip":true},{"start":{"line":258,"column":8},"end":{"line":258,"column":8},"skip":true}]},"19":{"line":275,"type":"switch","locations":[{"start":{"line":276,"column":20},"end":{"line":277,"column":64},"skip":true},{"start":{"line":278,"column":20},"end":{"line":279,"column":40},"skip":true},{"start":{"line":280,"column":20},"end":{"line":281,"column":40},"skip":true},{"start":{"line":282,"column":20},"end":{"line":283,"column":39},"skip":true}]},"20":{"line":288,"type":"if","locations":[{"start":{"line":288,"column":8},"end":{"line":288,"column":8},"skip":true},{"start":{"line":288,"column":8},"end":{"line":288,"column":8},"skip":true}]},"21":{"line":288,"type":"binary-expr","locations":[{"start":{"line":288,"column":12},"end":{"line":288,"column":40},"skip":true},{"start":{"line":288,"column":44},"end":{"line":288,"column":67},"skip":true}]},"22":{"line":292,"type":"binary-expr","locations":[{"start":{"line":292,"column":12},"end":{"line":292,"column":50},"skip":true},{"start":{"line":293,"column":12},"end":{"line":293,"column":53},"skip":true}]},"23":{"line":297,"type":"binary-expr","locations":[{"start":{"line":297,"column":12},"end":{"line":297,"column":73},"skip":true},{"start":{"line":298,"column":12},"end":{"line":301,"column":36},"skip":true}]},"24":{"line":303,"type":"binary-expr","locations":[{"start":{"line":303,"column":43},"end":{"line":303,"column":75},"skip":true},{"start":{"line":303,"column":79},"end":{"line":303,"column":81},"skip":true}]},"25":{"line":306,"type":"if","locations":[{"start":{"line":306,"column":8},"end":{"line":306,"column":8},"skip":true},{"start":{"line":306,"column":8},"end":{"line":306,"column":8},"skip":true}]},"26":{"line":310,"type":"if","locations":[{"start":{"line":310,"column":8},"end":{"line":310,"column":8},"skip":true},{"start":{"line":310,"column":8},"end":{"line":310,"column":8},"skip":true}]},"27":{"line":313,"type":"binary-expr","locations":[{"start":{"line":313,"column":27},"end":{"line":313,"column":43},"skip":true},{"start":{"line":313,"column":47},"end":{"line":313,"column":53},"skip":true}]},"28":{"line":317,"type":"if","locations":[{"start":{"line":317,"column":12},"end":{"line":317,"column":12},"skip":true},{"start":{"line":317,"column":12},"end":{"line":317,"column":12},"skip":true}]}},"code":["/*","example.js","","quickstart example","","instruction","    1. save this script as example.js","    2. run the shell command:","        $ npm install npmtest-react-templates && PORT=8081 node example.js","    3. play with the browser-demo on http://127.0.0.1:8081","*/","","","","/* istanbul instrument in package npmtest_react_templates */","/*jslint","    bitwise: true,","    browser: true,","    maxerr: 8,","    maxlen: 96,","    node: true,","    nomen: true,","    regexp: true,","    stupid: true","*/","(function () {","    'use strict';","    var local;","","","","    // run shared js-env code - pre-init","    (function () {","        // init local","        local = {};","        // init modeJs","        local.modeJs = (function () {","            try {","                return typeof navigator.userAgent === 'string' &&","                    typeof document.querySelector('body') === 'object' &&","                    typeof XMLHttpRequest.prototype.open === 'function' &&","                    'browser';","            } catch (errorCaughtBrowser) {","                return module.exports &&","                    typeof process.versions.node === 'string' &&","                    typeof require('http').createServer === 'function' &&","                    'node';","            }","        }());","        // init global","        local.global = local.modeJs === 'browser'","            ? window","            : global;","        // init utility2_rollup","        local = local.global.utility2_rollup || (local.modeJs === 'browser'","            ? local.global.utility2_npmtest_react_templates","            : global.utility2_moduleExports);","        // export local","        local.global.local = local;","    }());","    switch (local.modeJs) {","","","","    // post-init","    // run browser js-env code - post-init","    /* istanbul ignore next */","    case 'browser':","        local.testRunBrowser = function (event) {","            if (!event || (event &&","                    event.currentTarget &&","                    event.currentTarget.className &&","                    event.currentTarget.className.includes &&","                    event.currentTarget.className.includes('onreset'))) {","                // reset output","                Array.from(","                    document.querySelectorAll('body > .resettable')","                ).forEach(function (element) {","                    switch (element.tagName) {","                    case 'INPUT':","                    case 'TEXTAREA':","                        element.value = '';","                        break;","                    default:","                        element.textContent = '';","                    }","                });","            }","            switch (event && event.currentTarget && event.currentTarget.id) {","            case 'testRunButton1':","                // show tests","                if (document.querySelector('#testReportDiv1').style.display === 'none') {","                    document.querySelector('#testReportDiv1').style.display = 'block';","                    document.querySelector('#testRunButton1').textContent =","                        'hide internal test';","                    local.modeTest = true;","                    local.testRunDefault(local);","                // hide tests","                } else {","                    document.querySelector('#testReportDiv1').style.display = 'none';","                    document.querySelector('#testRunButton1').textContent = 'run internal test';","                }","                break;","            // custom-case","            default:","                break;","            }","            if (document.querySelector('#inputTextareaEval1') && (!event || (event &&","                    event.currentTarget &&","                    event.currentTarget.className &&","                    event.currentTarget.className.includes &&","                    event.currentTarget.className.includes('oneval')))) {","                // try to eval input-code","                try {","                    /*jslint evil: true*/","                    eval(document.querySelector('#inputTextareaEval1').value);","                } catch (errorCaught) {","                    console.error(errorCaught);","                }","            }","        };","        // log stderr and stdout to #outputTextareaStdout1","        ['error', 'log'].forEach(function (key) {","            console[key + '_original'] = console[key];","            console[key] = function () {","                var element;","                console[key + '_original'].apply(console, arguments);","                element = document.querySelector('#outputTextareaStdout1');","                if (!element) {","                    return;","                }","                // append text to #outputTextareaStdout1","                element.value += Array.from(arguments).map(function (arg) {","                    return typeof arg === 'string'","                        ? arg","                        : JSON.stringify(arg, null, 4);","                }).join(' ') + '\\n';","                // scroll textarea to bottom","                element.scrollTop = element.scrollHeight;","            };","        });","        // init event-handling","        ['change', 'click', 'keyup'].forEach(function (event) {","            Array.from(document.querySelectorAll('.on' + event)).forEach(function (element) {","                element.addEventListener(event, local.testRunBrowser);","            });","        });","        // run tests","        local.testRunBrowser();","        break;","","","","    // run node js-env code - post-init","    /* istanbul ignore next */","    case 'node':","        // export local","        module.exports = local;","        // require modules","        local.fs = require('fs');","        local.http = require('http');","        local.url = require('url');","        // init assets","        local.assetsDict = local.assetsDict || {};","        /* jslint-ignore-begin */","        local.assetsDict['/assets.index.template.html'] = '\\","<!doctype html>\\n\\","<html lang=\"en\">\\n\\","<head>\\n\\","<meta charset=\"UTF-8\">\\n\\","<meta name=\"viewport\" content=\"width=device-width, initial-scale=1\">\\n\\","<title>{{env.npm_package_name}} (v{{env.npm_package_version}})</title>\\n\\","<style>\\n\\","/*csslint\\n\\","    box-sizing: false,\\n\\","    universal-selector: false\\n\\","*/\\n\\","* {\\n\\","    box-sizing: border-box;\\n\\","}\\n\\","body {\\n\\","    background: #dde;\\n\\","    font-family: Arial, Helvetica, sans-serif;\\n\\","    margin: 2rem;\\n\\","}\\n\\","body > * {\\n\\","    margin-bottom: 1rem;\\n\\","}\\n\\",".utility2FooterDiv {\\n\\","    margin-top: 20px;\\n\\","    text-align: center;\\n\\","}\\n\\","</style>\\n\\","<style>\\n\\","/*csslint\\n\\","*/\\n\\","textarea {\\n\\","    font-family: monospace;\\n\\","    height: 10rem;\\n\\","    width: 100%;\\n\\","}\\n\\","textarea[readonly] {\\n\\","    background: #ddd;\\n\\","}\\n\\","</style>\\n\\","</head>\\n\\","<body>\\n\\","<!-- utility2-comment\\n\\","<div id=\"ajaxProgressDiv1\" style=\"background: #d00; height: 2px; left: 0; margin: 0; padding: 0; position: fixed; top: 0; transition: background 0.5s, width 1.5s; width: 25%;\"></div>\\n\\","utility2-comment -->\\n\\","<h1>\\n\\","<!-- utility2-comment\\n\\","    <a\\n\\","        {{#if env.npm_package_homepage}}\\n\\","        href=\"{{env.npm_package_homepage}}\"\\n\\","        {{/if env.npm_package_homepage}}\\n\\","        target=\"_blank\"\\n\\","    >\\n\\","utility2-comment -->\\n\\","        {{env.npm_package_name}} (v{{env.npm_package_version}})\\n\\","<!-- utility2-comment\\n\\","    </a>\\n\\","utility2-comment -->\\n\\","</h1>\\n\\","<h3>{{env.npm_package_description}}</h3>\\n\\","<!-- utility2-comment\\n\\","<h4><a download href=\"assets.app.js\">download standalone app</a></h4>\\n\\","<button class=\"onclick onreset\" id=\"testRunButton1\">run internal test</button><br>\\n\\","<div id=\"testReportDiv1\" style=\"display: none;\"></div>\\n\\","utility2-comment -->\\n\\","\\n\\","\\n\\","\\n\\","<label>stderr and stdout</label>\\n\\","<textarea class=\"resettable\" id=\"outputTextareaStdout1\" readonly></textarea>\\n\\","<!-- utility2-comment\\n\\","{{#if isRollup}}\\n\\","<script src=\"assets.app.js\"></script>\\n\\","{{#unless isRollup}}\\n\\","utility2-comment -->\\n\\","<script src=\"assets.utility2.rollup.js\"></script>\\n\\","<script src=\"jsonp.utility2._stateInit?callback=window.utility2._stateInit\"></script>\\n\\","<script src=\"assets.npmtest_react_templates.rollup.js\"></script>\\n\\","<script src=\"assets.example.js\"></script>\\n\\","<script src=\"assets.test.js\"></script>\\n\\","<!-- utility2-comment\\n\\","{{/if isRollup}}\\n\\","utility2-comment -->\\n\\","<div class=\"utility2FooterDiv\">\\n\\","    [ this app was created with\\n\\","    <a href=\"https://github.com/kaizhu256/node-utility2\" target=\"_blank\">utility2</a>\\n\\","    ]\\n\\","</div>\\n\\","</body>\\n\\","</html>\\n\\","';","        /* jslint-ignore-end */","        if (local.templateRender) {","            local.assetsDict['/'] = local.templateRender(","                local.assetsDict['/assets.index.template.html'],","                {","                    env: local.objectSetDefault(local.env, {","                        npm_package_description: 'the greatest app in the world!',","                        npm_package_name: 'my-app',","                        npm_package_nameAlias: 'my_app',","                        npm_package_version: '0.0.1'","                    })","                }","            );","        } else {","            local.assetsDict['/'] = local.assetsDict['/assets.index.template.html']","                .replace((/\\{\\{env\\.(\\w+?)\\}\\}/g), function (match0, match1) {","                    // jslint-hack","                    String(match0);","                    switch (match1) {","                    case 'npm_package_description':","                        return 'the greatest app in the world!';","                    case 'npm_package_name':","                        return 'my-app';","                    case 'npm_package_nameAlias':","                        return 'my_app';","                    case 'npm_package_version':","                        return '0.0.1';","                    }","                });","        }","        // run the cli","        if (local.global.utility2_rollup || module !== require.main) {","            break;","        }","        local.assetsDict['/assets.example.js'] =","            local.assetsDict['/assets.example.js'] ||","            local.fs.readFileSync(__filename, 'utf8');","        // bug-workaround - long $npm_package_buildCustomOrg","        /* jslint-ignore-begin */","        local.assetsDict['/assets.npmtest_react_templates.rollup.js'] =","            local.assetsDict['/assets.npmtest_react_templates.rollup.js'] ||","            local.fs.readFileSync(","                local.npmtest_react_templates.__dirname + '/lib.npmtest_react_templates.js',","                'utf8'","            ).replace((/^#!/), '//');","        /* jslint-ignore-end */","        local.assetsDict['/favicon.ico'] = local.assetsDict['/favicon.ico'] || '';","        // if $npm_config_timeout_exit exists,","        // then exit this process after $npm_config_timeout_exit ms","        if (Number(process.env.npm_config_timeout_exit)) {","            setTimeout(process.exit, Number(process.env.npm_config_timeout_exit));","        }","        // start server","        if (local.global.utility2_serverHttp1) {","            break;","        }","        process.env.PORT = process.env.PORT || '8081';","        console.error('server starting on port ' + process.env.PORT);","        local.http.createServer(function (request, response) {","            request.urlParsed = local.url.parse(request.url);","            if (local.assetsDict[request.urlParsed.pathname] !== undefined) {","                response.end(local.assetsDict[request.urlParsed.pathname]);","                return;","            }","            response.statusCode = 404;","            response.end();","        }).listen(process.env.PORT);","        break;","    }","}());",""],"l":{"26":2,"28":2,"33":2,"35":2,"37":2,"38":2,"39":2,"44":1,"51":2,"55":2,"59":2,"61":2,"69":1,"70":2,"76":2,"79":2,"82":2,"83":2,"85":1,"89":2,"92":1,"93":1,"94":1,"96":1,"97":1,"100":1,"101":1,"103":1,"106":1,"108":2,"114":1,"116":1,"118":1,"123":1,"124":2,"125":2,"126":3,"127":3,"128":3,"129":3,"130":1,"133":3,"134":3,"139":3,"143":1,"144":3,"145":1,"149":1,"150":1,"158":1,"160":1,"161":1,"162":1,"164":1,"166":1,"258":1,"259":1,"271":1,"274":6,"275":6,"277":1,"279":2,"281":1,"283":2,"288":1,"289":1,"291":1,"296":1,"303":1,"306":1,"307":1,"310":1,"311":1,"313":1,"314":1,"315":1,"316":1,"317":1,"318":1,"319":1,"321":1,"322":1,"324":1}},"/home/travis/build/npmtest/node-npmtest-react-templates/node_modules/react-templates/dist/cli.js":{"path":"/home/travis/build/npmtest/node-npmtest-react-templates/node_modules/react-templates/dist/cli.js","s":{"1":1,"2":1,"3":1,"4":1,"5":1,"6":1,"7":1,"8":1,"9":1,"10":1,"11":1,"12":1,"13":1,"14":1,"15":1,"16":1,"17":0,"18":1,"19":0,"20":0,"21":0,"22":1,"23":0,"24":1,"25":0,"26":0,"27":0,"28":0,"29":1,"30":1,"31":1,"32":0,"33":0,"34":0,"35":0,"36":1,"37":0,"38":0,"39":0,"40":0,"41":0,"42":0,"43":0,"44":0,"45":0,"46":0,"47":0,"48":0,"49":0,"50":0,"51":0,"52":1,"53":1,"54":1,"55":1,"56":0,"57":0,"58":1},"b":{"1":[1,0],"2":[0,1],"3":[0,1],"4":[0,0],"5":[0,1],"6":[0,1],"7":[0,0],"8":[0,0],"9":[0,0],"10":[0,0],"11":[0,0]},"f":{"1":1,"2":0,"3":0,"4":0,"5":1},"fnMap":{"1":{"name":"executeOptions","line":22,"loc":{"start":{"line":22,"column":0},"end":{"line":22,"column":40}}},"2":{"name":"(anonymous_2)","line":48,"loc":{"start":{"line":48,"column":40},"end":{"line":48,"column":53}}},"3":{"name":"printVersions","line":60,"loc":{"start":{"line":60,"column":0},"end":{"line":60,"column":39}}},"4":{"name":"handleSingleFile","line":73,"loc":{"start":{"line":73,"column":0},"end":{"line":73,"column":52}}},"5":{"name":"execute","line":100,"loc":{"start":{"line":100,"column":0},"end":{"line":100,"column":23}}}},"statementMap":{"1":{"start":{"line":5,"column":0},"end":{"line":5,"column":26}},"2":{"start":{"line":6,"column":0},"end":{"line":6,"column":27}},"3":{"start":{"line":8,"column":0},"end":{"line":8,"column":27}},"4":{"start":{"line":9,"column":0},"end":{"line":9,"column":35}},"5":{"start":{"line":10,"column":0},"end":{"line":10,"column":31}},"6":{"start":{"line":11,"column":0},"end":{"line":11,"column":37}},"7":{"start":{"line":12,"column":0},"end":{"line":12,"column":35}},"8":{"start":{"line":13,"column":0},"end":{"line":13,"column":51}},"9":{"start":{"line":14,"column":0},"end":{"line":14,"column":49}},"10":{"start":{"line":15,"column":0},"end":{"line":15,"column":35}},"11":{"start":{"line":16,"column":0},"end":{"line":16,"column":27}},"12":{"start":{"line":22,"column":0},"end":{"line":58,"column":1}},"13":{"start":{"line":23,"column":4},"end":{"line":23,"column":16}},"14":{"start":{"line":24,"column":4},"end":{"line":24,"column":33}},"15":{"start":{"line":25,"column":4},"end":{"line":25,"column":64}},"16":{"start":{"line":27,"column":4},"end":{"line":56,"column":5}},"17":{"start":{"line":28,"column":8},"end":{"line":28,"column":39}},"18":{"start":{"line":29,"column":11},"end":{"line":56,"column":5}},"19":{"start":{"line":30,"column":8},"end":{"line":34,"column":9}},"20":{"start":{"line":31,"column":12},"end":{"line":31,"column":65}},"21":{"start":{"line":33,"column":12},"end":{"line":33,"column":48}},"22":{"start":{"line":35,"column":11},"end":{"line":56,"column":5}},"23":{"start":{"line":36,"column":8},"end":{"line":36,"column":38}},"24":{"start":{"line":37,"column":11},"end":{"line":56,"column":5}},"25":{"start":{"line":48,"column":8},"end":{"line":50,"column":11}},"26":{"start":{"line":49,"column":12},"end":{"line":49,"column":54}},"27":{"start":{"line":52,"column":8},"end":{"line":52,"column":73}},"28":{"start":{"line":53,"column":8},"end":{"line":53,"column":42}},"29":{"start":{"line":55,"column":8},"end":{"line":55,"column":44}},"30":{"start":{"line":57,"column":4},"end":{"line":57,"column":15}},"31":{"start":{"line":60,"column":0},"end":{"line":67,"column":1}},"32":{"start":{"line":61,"column":4},"end":{"line":61,"column":43}},"33":{"start":{"line":62,"column":4},"end":{"line":66,"column":5}},"34":{"start":{"line":63,"column":8},"end":{"line":63,"column":55}},"35":{"start":{"line":65,"column":8},"end":{"line":65,"column":36}},"36":{"start":{"line":73,"column":0},"end":{"line":93,"column":1}},"37":{"start":{"line":74,"column":4},"end":{"line":92,"column":5}},"38":{"start":{"line":75,"column":8},"end":{"line":75,"column":47}},"39":{"start":{"line":76,"column":8},"end":{"line":76,"column":36}},"40":{"start":{"line":77,"column":8},"end":{"line":88,"column":9}},"41":{"start":{"line":78,"column":12},"end":{"line":78,"column":98}},"42":{"start":{"line":79,"column":15},"end":{"line":88,"column":9}},"43":{"start":{"line":80,"column":12},"end":{"line":80,"column":64}},"44":{"start":{"line":81,"column":12},"end":{"line":81,"column":79}},"45":{"start":{"line":82,"column":15},"end":{"line":88,"column":9}},"46":{"start":{"line":83,"column":12},"end":{"line":83,"column":46}},"47":{"start":{"line":84,"column":12},"end":{"line":84,"column":78}},"48":{"start":{"line":86,"column":12},"end":{"line":86,"column":79}},"49":{"start":{"line":87,"column":12},"end":{"line":87,"column":19}},"50":{"start":{"line":89,"column":8},"end":{"line":89,"column":75}},"51":{"start":{"line":91,"column":8},"end":{"line":91,"column":89}},"52":{"start":{"line":100,"column":0},"end":{"line":108,"column":1}},"53":{"start":{"line":101,"column":4},"end":{"line":107,"column":5}},"54":{"start":{"line":102,"column":8},"end":{"line":102,"column":49}},"55":{"start":{"line":103,"column":8},"end":{"line":103,"column":46}},"56":{"start":{"line":105,"column":8},"end":{"line":105,"column":37}},"57":{"start":{"line":106,"column":8},"end":{"line":106,"column":17}},"58":{"start":{"line":110,"column":0},"end":{"line":117,"column":2}}},"branchMap":{"1":{"line":25,"type":"binary-expr","locations":[{"start":{"line":25,"column":29},"end":{"line":25,"column":50}},{"start":{"line":25,"column":54},"end":{"line":25,"column":63}}]},"2":{"line":27,"type":"if","locations":[{"start":{"line":27,"column":4},"end":{"line":27,"column":4}},{"start":{"line":27,"column":4},"end":{"line":27,"column":4}}]},"3":{"line":29,"type":"if","locations":[{"start":{"line":29,"column":11},"end":{"line":29,"column":11}},{"start":{"line":29,"column":11},"end":{"line":29,"column":11}}]},"4":{"line":30,"type":"if","locations":[{"start":{"line":30,"column":8},"end":{"line":30,"column":8}},{"start":{"line":30,"column":8},"end":{"line":30,"column":8}}]},"5":{"line":35,"type":"if","locations":[{"start":{"line":35,"column":11},"end":{"line":35,"column":11}},{"start":{"line":35,"column":11},"end":{"line":35,"column":11}}]},"6":{"line":37,"type":"if","locations":[{"start":{"line":37,"column":11},"end":{"line":37,"column":11}},{"start":{"line":37,"column":11},"end":{"line":37,"column":11}}]},"7":{"line":62,"type":"if","locations":[{"start":{"line":62,"column":4},"end":{"line":62,"column":4}},{"start":{"line":62,"column":4},"end":{"line":62,"column":4}}]},"8":{"line":77,"type":"if","locations":[{"start":{"line":77,"column":8},"end":{"line":77,"column":8}},{"start":{"line":77,"column":8},"end":{"line":77,"column":8}}]},"9":{"line":78,"type":"cond-expr","locations":[{"start":{"line":78,"column":83},"end":{"line":78,"column":88}},{"start":{"line":78,"column":91},"end":{"line":78,"column":96}}]},"10":{"line":79,"type":"if","locations":[{"start":{"line":79,"column":15},"end":{"line":79,"column":15}},{"start":{"line":79,"column":15},"end":{"line":79,"column":15}}]},"11":{"line":82,"type":"if","locations":[{"start":{"line":82,"column":15},"end":{"line":82,"column":15}},{"start":{"line":82,"column":15},"end":{"line":82,"column":15}}]}},"code":["//#!/usr/bin/env node","","'use strict';","","var _ = require('lodash');","var path = require('path');","// const fs = require('fs');","var api = require('./api');","var context = require('./context');","var shell = require('./shell');","var pkg = require('../package.json');","var options = require('./options');","var reactDOMSupport = require('./reactDOMSupport');","var reactTemplates = require('./reactTemplates');","var rtStyle = require('./rtStyle');","var glob = require('glob');","","/**"," * @param {Options} currentOptions"," * @return {number}"," */","function executeOptions(currentOptions) {","    var ret = 0;","    var files = currentOptions._;","    context.options.format = currentOptions.format || 'stylish';","","    if (currentOptions.version) {","        console.log('v' + pkg.version);","    } else if (currentOptions.help) {","        if (files.length) {","            console.log(options.generateHelpForOption(files[0]));","        } else {","            console.log(options.generateHelp());","        }","    } else if (currentOptions.listTargetVersion) {","        printVersions(currentOptions);","    } else if (files.length) {","        // console.log(files);","        // console.log(files.length);","        // const allFiles = _.flatMap(files, f => {","        //     const fp = path.resolve(context.cwd, f);","        //     if (fs.statSync(fp).isDirectory()) {","        //         // TODO: consider removing glob and simply walk the directory","        //         return glob.sync(`${fp}/**/*.rt`, {cwd: context.cwd});","        //     }","        //     return fp;","        // });","        var allFiles = _.flatMap(files, function (f) {","            return glob.sync(f, { cwd: context.cwd });","        });","        // console.log(allFiles.length);","        _.forEach(allFiles, handleSingleFile.bind(this, currentOptions));","        ret = shell.printResults(context);","    } else {","        console.log(options.generateHelp());","    }","    return ret;","}","","function printVersions(currentOptions) {","    var ret = Object.keys(reactDOMSupport);","    if (currentOptions.format === 'json') {","        console.log(JSON.stringify(ret, undefined, 2));","    } else {","        console.log(ret.join(', '));","    }","}","","/**"," * @param {Options} currentOptions"," * @param {string} filename file name to process"," */","function handleSingleFile(currentOptions, filename) {","    try {","        var sourceExt = path.extname(filename);","        var outputFilename = void 0;","        if (sourceExt === '.rt') {","            outputFilename = filename + (currentOptions.modules === 'typescript' ? '.ts' : '.js');","        } else if (sourceExt === '.jsrt') {","            outputFilename = filename.replace(/\\.jsrt$/, '.js');","            currentOptions = _.assign({}, currentOptions, { modules: 'jsrt' });","        } else if (sourceExt === '.rts') {","            outputFilename = filename + '.js';","            currentOptions = _.assign({}, currentOptions, { modules: 'rts' });","        } else {","            context.error('invalid file, only handle rt/jsrt files', filename);","            return;","        }","        api.convertFile(filename, outputFilename, currentOptions, context);","    } catch (e) {","        context.error(e.message, filename, e.line, e.column, e.startOffset, e.endOffset);","    }","}","","/**"," * Executes the CLI based on an array of arguments that is passed in."," * @param {string|Array|Object} args The arguments to process."," * @returns {int} The exit code for the operation."," */","function execute(args) {","    try {","        var currentOptions = options.parse(args);","        return executeOptions(currentOptions);","    } catch (error) {","        console.error(error.message);","        return 1;","    }","}","","module.exports = {","    context: context,","    execute: execute,","    executeOptions: executeOptions,","    handleSingleFile: handleSingleFile,","    convertTemplateToReact: reactTemplates.convertTemplateToReact,","    convertStyle: rtStyle.convert","};"],"l":{"5":1,"6":1,"8":1,"9":1,"10":1,"11":1,"12":1,"13":1,"14":1,"15":1,"16":1,"22":1,"23":1,"24":1,"25":1,"27":1,"28":0,"29":1,"30":0,"31":0,"33":0,"35":1,"36":0,"37":1,"48":0,"49":0,"52":0,"53":0,"55":1,"57":1,"60":1,"61":0,"62":0,"63":0,"65":0,"73":1,"74":0,"75":0,"76":0,"77":0,"78":0,"79":0,"80":0,"81":0,"82":0,"83":0,"84":0,"86":0,"87":0,"89":0,"91":0,"100":1,"101":1,"102":1,"103":1,"105":0,"106":0,"110":1}},"/home/travis/build/npmtest/node-npmtest-react-templates/node_modules/react-templates/dist/api.js":{"path":"/home/travis/build/npmtest/node-npmtest-react-templates/node_modules/react-templates/dist/api.js","s":{"1":1,"2":1,"3":1,"4":1,"5":1,"6":1,"7":1,"8":1,"9":0,"10":0,"11":0,"12":0,"13":0,"14":0,"15":0,"16":0,"17":0,"18":0,"19":0,"20":0,"21":0,"22":0,"23":0,"24":0,"25":0,"26":0,"27":0,"28":0,"29":0,"30":0,"31":1},"b":{"1":[0,0],"2":[0,0],"3":[0,0],"4":[0,0],"5":[0,0],"6":[0,0],"7":[0,0],"8":[0,0],"9":[0,0],"10":[0,0],"11":[0,0]},"f":{"1":0},"fnMap":{"1":{"name":"convertFile","line":17,"loc":{"start":{"line":17,"column":0},"end":{"line":17,"column":55}}}},"statementMap":{"1":{"start":{"line":3,"column":0},"end":{"line":3,"column":23}},"2":{"start":{"line":4,"column":0},"end":{"line":4,"column":27}},"3":{"start":{"line":5,"column":0},"end":{"line":5,"column":29}},"4":{"start":{"line":6,"column":0},"end":{"line":6,"column":49}},"5":{"start":{"line":7,"column":0},"end":{"line":7,"column":33}},"6":{"start":{"line":8,"column":0},"end":{"line":8,"column":41}},"7":{"start":{"line":9,"column":0},"end":{"line":9,"column":53}},"8":{"start":{"line":17,"column":0},"end":{"line":48,"column":1}},"9":{"start":{"line":18,"column":4},"end":{"line":18,"column":28}},"10":{"start":{"line":19,"column":4},"end":{"line":19,"column":30}},"11":{"start":{"line":21,"column":4},"end":{"line":24,"column":5}},"12":{"start":{"line":22,"column":8},"end":{"line":22,"column":90}},"13":{"start":{"line":23,"column":8},"end":{"line":23,"column":15}},"14":{"start":{"line":26,"column":4},"end":{"line":26,"column":50}},"15":{"start":{"line":27,"column":4},"end":{"line":34,"column":5}},"16":{"start":{"line":28,"column":8},"end":{"line":28,"column":43}},"17":{"start":{"line":29,"column":8},"end":{"line":29,"column":40}},"18":{"start":{"line":30,"column":8},"end":{"line":32,"column":9}},"19":{"start":{"line":31,"column":12},"end":{"line":31,"column":42}},"20":{"start":{"line":33,"column":8},"end":{"line":33,"column":15}},"21":{"start":{"line":35,"column":4},"end":{"line":35,"column":44}},"22":{"start":{"line":36,"column":4},"end":{"line":36,"column":60}},"23":{"start":{"line":37,"column":4},"end":{"line":39,"column":5}},"24":{"start":{"line":38,"column":8},"end":{"line":38,"column":104}},"25":{"start":{"line":40,"column":4},"end":{"line":40,"column":69}},"26":{"start":{"line":41,"column":4},"end":{"line":41,"column":110}},"27":{"start":{"line":42,"column":4},"end":{"line":44,"column":5}},"28":{"start":{"line":43,"column":8},"end":{"line":43,"column":37}},"29":{"start":{"line":45,"column":4},"end":{"line":47,"column":5}},"30":{"start":{"line":46,"column":8},"end":{"line":46,"column":28}},"31":{"start":{"line":50,"column":0},"end":{"line":54,"column":2}}},"branchMap":{"1":{"line":18,"type":"binary-expr","locations":[{"start":{"line":18,"column":14},"end":{"line":18,"column":21}},{"start":{"line":18,"column":25},"end":{"line":18,"column":27}}]},"2":{"line":21,"type":"if","locations":[{"start":{"line":21,"column":4},"end":{"line":21,"column":4}},{"start":{"line":21,"column":4},"end":{"line":21,"column":4}}]},"3":{"line":21,"type":"binary-expr","locations":[{"start":{"line":21,"column":8},"end":{"line":21,"column":22}},{"start":{"line":21,"column":26},"end":{"line":21,"column":57}}]},"4":{"line":27,"type":"if","locations":[{"start":{"line":27,"column":4},"end":{"line":27,"column":4}},{"start":{"line":27,"column":4},"end":{"line":27,"column":4}}]},"5":{"line":30,"type":"if","locations":[{"start":{"line":30,"column":8},"end":{"line":30,"column":8}},{"start":{"line":30,"column":8},"end":{"line":30,"column":8}}]},"6":{"line":35,"type":"binary-expr","locations":[{"start":{"line":35,"column":18},"end":{"line":35,"column":33}},{"start":{"line":35,"column":37},"end":{"line":35,"column":43}}]},"7":{"line":36,"type":"binary-expr","locations":[{"start":{"line":36,"column":24},"end":{"line":36,"column":42}},{"start":{"line":36,"column":46},"end":{"line":36,"column":59}}]},"8":{"line":37,"type":"if","locations":[{"start":{"line":37,"column":4},"end":{"line":37,"column":4}},{"start":{"line":37,"column":4},"end":{"line":37,"column":4}}]},"9":{"line":41,"type":"cond-expr","locations":[{"start":{"line":41,"column":34},"end":{"line":41,"column":73}},{"start":{"line":41,"column":76},"end":{"line":41,"column":109}}]},"10":{"line":42,"type":"if","locations":[{"start":{"line":42,"column":4},"end":{"line":42,"column":4}},{"start":{"line":42,"column":4},"end":{"line":42,"column":4}}]},"11":{"line":45,"type":"if","locations":[{"start":{"line":45,"column":4},"end":{"line":45,"column":4}},{"start":{"line":45,"column":4},"end":{"line":45,"column":4}}]}},"code":["'use strict';","","var fs = require('fs');","var path = require('path');","var chalk = require('chalk');","var reactTemplates = require('./reactTemplates');","var fsUtil = require('./fsUtil');","var convertRT = reactTemplates.convertRT;","var convertJSRTToJS = reactTemplates.convertJSRTToJS;","","/**"," * @param {string} source"," * @param {string} target"," * @param {Options} options"," * @param {CONTEXT} context"," */","function convertFile(source, target, options, context) {","    options = options || {};","    options.fileName = source;","","    if (!options.force && !fsUtil.isStale(source, target)) {","        context.verbose('target file ' + chalk.cyan(target) + ' is up to date, skipping');","        return;","    }","","    var html = fs.readFileSync(source).toString();","    if (path.extname(source) === '.rts') {","        var rtStyle = require('./rtStyle');","        var out = rtStyle.convert(html);","        if (!options.dryRun) {","            fs.writeFileSync(target, out);","        }","        return;","    }","    var modules = options.modules || 'none';","    var shouldAddName = modules === 'none' && !options.name;","    if (shouldAddName) {","        options.name = reactTemplates.normalizeName(path.basename(source, path.extname(source))) + 'RT';","    }","    options.readFileSync = fsUtil.createRelativeReadFileSync(source);","    var js = modules === 'jsrt' ? convertJSRTToJS(html, context, options) : convertRT(html, context, options);","    if (!options.dryRun) {","        fs.writeFileSync(target, js);","    }","    if (shouldAddName) {","        delete options.name;","    }","}","","module.exports = {","    convertFile: convertFile,","    context: require('./context'),","    _test: {}","};"],"l":{"3":1,"4":1,"5":1,"6":1,"7":1,"8":1,"9":1,"17":1,"18":0,"19":0,"21":0,"22":0,"23":0,"26":0,"27":0,"28":0,"29":0,"30":0,"31":0,"33":0,"35":0,"36":0,"37":0,"38":0,"40":0,"41":0,"42":0,"43":0,"45":0,"46":0,"50":1}},"/home/travis/build/npmtest/node-npmtest-react-templates/node_modules/react-templates/dist/reactTemplates.js":{"path":"/home/travis/build/npmtest/node-npmtest-react-templates/node_modules/react-templates/dist/reactTemplates.js","s":{"1":1,"2":0,"3":0,"4":1,"5":1,"6":1,"7":1,"8":1,"9":1,"10":1,"11":1,"12":1,"13":1,"14":1,"15":1,"16":1,"17":1,"18":1,"19":1,"20":1,"21":1,"22":1,"23":1,"24":0,"25":0,"26":0,"27":1,"28":1,"29":1,"30":1,"31":1,"32":1,"33":1,"34":1,"35":1,"36":1,"37":1,"38":1,"39":1,"40":1,"41":1,"42":1,"43":1,"44":0,"45":0,"46":0,"47":0,"48":0,"49":0,"50":0,"51":0,"52":1,"53":0,"54":0,"55":0,"56":0,"57":0,"58":0,"59":1,"60":0,"61":0,"62":0,"63":0,"64":0,"65":1,"66":0,"67":0,"68":0,"69":0,"70":0,"71":0,"72":0,"73":0,"74":0,"75":0,"76":0,"77":0,"78":0,"79":0,"80":0,"81":0,"82":0,"83":0,"84":0,"85":0,"86":0,"87":0,"88":0,"89":0,"90":0,"91":1,"92":0,"93":0,"94":0,"95":0,"96":0,"97":0,"98":0,"99":0,"100":0,"101":0,"102":0,"103":0,"104":0,"105":0,"106":0,"107":0,"108":0,"109":0,"110":0,"111":0,"112":0,"113":0,"114":0,"115":0,"116":1,"117":0,"118":0,"119":0,"120":0,"121":0,"122":0,"123":0,"124":0,"125":0,"126":0,"127":1,"128":0,"129":0,"130":1,"131":0,"132":0,"133":0,"134":0,"135":0,"136":0,"137":0,"138":0,"139":0,"140":0,"141":1,"142":0,"143":0,"144":0,"145":0,"146":0,"147":0,"148":0,"149":0,"150":1,"151":0,"152":1,"153":0,"154":0,"155":0,"156":0,"157":0,"158":0,"159":1,"160":0,"161":0,"162":1,"163":0,"164":1,"165":0,"166":0,"167":0,"168":0,"169":0,"170":0,"171":0,"172":0,"173":0,"174":0,"175":0,"176":0,"177":0,"178":0,"179":0,"180":0,"181":0,"182":0,"183":0,"184":0,"185":0,"186":0,"187":0,"188":0,"189":0,"190":0,"191":0,"192":0,"193":0,"194":0,"195":0,"196":0,"197":0,"198":0,"199":0,"200":0,"201":0,"202":0,"203":0,"204":0,"205":0,"206":0,"207":0,"208":0,"209":0,"210":0,"211":0,"212":0,"213":0,"214":0,"215":0,"216":0,"217":0,"218":0,"219":0,"220":0,"221":0,"222":0,"223":0,"224":0,"225":0,"226":0,"227":0,"228":0,"229":0,"230":0,"231":0,"232":0,"233":0,"234":0,"235":0,"236":0,"237":0,"238":0,"239":0,"240":0,"241":0,"242":0,"243":0,"244":0,"245":0,"246":0,"247":0,"248":0,"249":0,"250":0,"251":0,"252":0,"253":1,"254":0,"255":0,"256":0,"257":0,"258":0,"259":0,"260":0,"261":0,"262":0,"263":0,"264":0,"265":1,"266":0,"267":0,"268":0,"269":0,"270":0,"271":0,"272":0,"273":0,"274":0,"275":0,"276":0,"277":0,"278":0,"279":0,"280":1,"281":0,"282":0,"283":0,"284":0,"285":0,"286":0,"287":0,"288":0,"289":0,"290":1,"291":0,"292":0,"293":0,"294":0,"295":0,"296":0,"297":0,"298":0,"299":0,"300":1,"301":0,"302":0,"303":0,"304":0,"305":0,"306":0,"307":0,"308":0,"309":0,"310":0,"311":0,"312":0,"313":1,"314":0,"315":0,"316":0,"317":0,"318":0,"319":0,"320":0,"321":0,"322":0,"323":0,"324":0,"325":0,"326":0,"327":0,"328":0,"329":0,"330":0,"331":0,"332":1,"333":0,"334":0,"335":1,"336":0,"337":0,"338":0,"339":0,"340":0,"341":0,"342":0,"343":0,"344":0,"345":0,"346":0,"347":0,"348":0,"349":0,"350":0,"351":0,"352":0,"353":0,"354":0,"355":0,"356":0,"357":0,"358":0,"359":0,"360":1,"361":0,"362":0,"363":0,"364":0,"365":0,"366":0,"367":0,"368":0,"369":0,"370":0,"371":0,"372":0,"373":0,"374":0,"375":0,"376":0,"377":0,"378":0,"379":0,"380":0,"381":0,"382":0,"383":0,"384":1,"385":0,"386":0,"387":0,"388":0,"389":0,"390":0,"391":1,"392":0,"393":0,"394":0,"395":0,"396":0,"397":0,"398":1},"b":{"1":[1,0],"2":[1,1],"3":[0,0],"4":[0,0,0,0],"5":[0,0],"6":[0,0],"7":[0,0],"8":[0,0],"9":[0,0],"10":[0,0],"11":[0,0],"12":[0,0],"13":[0,0],"14":[0,0],"15":[0,0],"16":[0,0],"17":[0,0],"18":[0,0],"19":[0,0],"20":[0,0],"21":[0,0],"22":[0,0],"23":[0,0],"24":[0,0],"25":[0,0],"26":[0,0],"27":[0,0],"28":[0,0],"29":[0,0],"30":[0,0],"31":[0,0],"32":[0,0],"33":[0,0],"34":[0,0],"35":[0,0],"36":[0,0],"37":[0,0],"38":[0,0],"39":[0,0],"40":[0,0],"41":[0,0],"42":[0,0],"43":[0,0],"44":[0,0],"45":[0,0],"46":[0,0],"47":[0,0],"48":[0,0],"49":[0,0],"50":[0,0],"51":[0,0],"52":[0,0],"53":[0,0],"54":[0,0],"55":[0,0],"56":[0,0],"57":[0,0],"58":[0,0],"59":[0,0],"60":[0,0],"61":[0,0],"62":[0,0],"63":[0,0],"64":[0,0],"65":[0,0],"66":[0,0],"67":[0,0],"68":[0,0],"69":[0,0],"70":[0,0],"71":[0,0],"72":[0,0],"73":[0,0],"74":[0,0],"75":[0,0],"76":[0,0],"77":[0,0],"78":[0,0],"79":[0,0],"80":[0,0],"81":[0,0],"82":[0,0],"83":[0,0],"84":[0,0],"85":[0,0,0,0],"86":[0,0],"87":[0,0],"88":[0,0],"89":[0,0],"90":[0,0],"91":[0,0,0,0],"92":[0,0],"93":[0,0],"94":[0,0],"95":[0,0],"96":[0,0],"97":[0,0],"98":[0,0,0],"99":[0,0],"100":[0,0,0,0],"101":[0,0],"102":[0,0],"103":[0,0],"104":[0,0,0],"105":[0,0],"106":[0,0],"107":[0,0],"108":[0,0],"109":[0,0],"110":[0,0],"111":[0,0],"112":[0,0],"113":[0,0],"114":[0,0],"115":[0,0],"116":[0,0],"117":[0,0],"118":[0,0],"119":[0,0],"120":[0,0],"121":[0,0],"122":[0,0],"123":[0,0],"124":[0,0],"125":[0,0],"126":[0,0],"127":[0,0],"128":[0,0],"129":[0,0],"130":[0,0],"131":[0,0],"132":[0,0]},"f":{"1":0,"2":0,"3":0,"4":0,"5":0,"6":0,"7":0,"8":0,"9":0,"10":0,"11":0,"12":0,"13":0,"14":0,"15":0,"16":0,"17":0,"18":0,"19":0,"20":0,"21":0,"22":0,"23":0,"24":0,"25":0,"26":0,"27":0,"28":0,"29":0,"30":0,"31":0,"32":0,"33":0,"34":0,"35":0,"36":0,"37":0,"38":0,"39":0,"40":0,"41":0,"42":0,"43":0,"44":0,"45":0,"46":0,"47":0,"48":0,"49":0,"50":0,"51":0},"fnMap":{"1":{"name":"(anonymous_1)","line":3,"loc":{"start":{"line":3,"column":84},"end":{"line":3,"column":99}}},"2":{"name":"(anonymous_2)","line":3,"loc":{"start":{"line":3,"column":124},"end":{"line":3,"column":139}}},"3":{"name":"getTagTemplateString","line":28,"loc":{"start":{"line":28,"column":0},"end":{"line":28,"column":70}}},"4":{"name":"getOptions","line":58,"loc":{"start":{"line":58,"column":0},"end":{"line":58,"column":29}}},"5":{"name":"reactImport","line":80,"loc":{"start":{"line":80,"column":0},"end":{"line":80,"column":30}}},"6":{"name":"generateInjectedFunc","line":98,"loc":{"start":{"line":98,"column":0},"end":{"line":98,"column":65}}},"7":{"name":"generateTemplateProps","line":106,"loc":{"start":{"line":106,"column":0},"end":{"line":106,"column":46}}},"8":{"name":"(anonymous_8)","line":109,"loc":{"start":{"line":109,"column":51},"end":{"line":109,"column":75}}},"9":{"name":"(anonymous_9)","line":140,"loc":{"start":{"line":140,"column":44},"end":{"line":140,"column":75}}},"10":{"name":"generateProps","line":162,"loc":{"start":{"line":162,"column":0},"end":{"line":162,"column":38}}},"11":{"name":"(anonymous_11)","line":164,"loc":{"start":{"line":164,"column":27},"end":{"line":164,"column":47}}},"12":{"name":"(anonymous_12)","line":195,"loc":{"start":{"line":195,"column":31},"end":{"line":195,"column":47}}},"13":{"name":"handleEventHandler","line":201,"loc":{"start":{"line":201,"column":0},"end":{"line":201,"column":53}}},"14":{"name":"genBind","line":216,"loc":{"start":{"line":216,"column":0},"end":{"line":216,"column":29}}},"15":{"name":"handleStyleProp","line":221,"loc":{"start":{"line":221,"column":0},"end":{"line":221,"column":45}}},"16":{"name":"(anonymous_16)","line":222,"loc":{"start":{"line":222,"column":56},"end":{"line":222,"column":69}}},"17":{"name":"(anonymous_17)","line":224,"loc":{"start":{"line":224,"column":11},"end":{"line":224,"column":24}}},"18":{"name":"convertTagNameToConstructor","line":242,"loc":{"start":{"line":242,"column":0},"end":{"line":242,"column":55}}},"19":{"name":"isCustomElement","line":255,"loc":{"start":{"line":255,"column":0},"end":{"line":255,"column":34}}},"20":{"name":"defaultContext","line":265,"loc":{"start":{"line":265,"column":0},"end":{"line":265,"column":54}}},"21":{"name":"hasNonSimpleChildren","line":287,"loc":{"start":{"line":287,"column":0},"end":{"line":287,"column":36}}},"22":{"name":"(anonymous_22)","line":288,"loc":{"start":{"line":288,"column":33},"end":{"line":288,"column":50}}},"23":{"name":"trimHtmlText","line":298,"loc":{"start":{"line":298,"column":0},"end":{"line":298,"column":28}}},"24":{"name":"convertHtmlToReact","line":307,"loc":{"start":{"line":307,"column":0},"end":{"line":307,"column":43}}},"25":{"name":"(anonymous_25)","line":309,"loc":{"start":{"line":309,"column":19},"end":{"line":309,"column":31}}},"26":{"name":"(anonymous_26)","line":346,"loc":{"start":{"line":346,"column":59},"end":{"line":346,"column":72}}},"27":{"name":"(anonymous_27)","line":353,"loc":{"start":{"line":353,"column":38},"end":{"line":353,"column":55}}},"28":{"name":"(anonymous_28)","line":357,"loc":{"start":{"line":357,"column":38},"end":{"line":357,"column":55}}},"29":{"name":"(anonymous_29)","line":398,"loc":{"start":{"line":398,"column":67},"end":{"line":398,"column":87}}},"30":{"name":"(anonymous_30)","line":406,"loc":{"start":{"line":406,"column":48},"end":{"line":406,"column":65}}},"31":{"name":"(anonymous_31)","line":431,"loc":{"start":{"line":431,"column":81},"end":{"line":431,"column":94}}},"32":{"name":"parseScopeSyntax","line":464,"loc":{"start":{"line":464,"column":0},"end":{"line":464,"column":32}}},"33":{"name":"handleScopeAttribute","line":495,"loc":{"start":{"line":495,"column":0},"end":{"line":495,"column":51}}},"34":{"name":"(anonymous_34)","line":511,"loc":{"start":{"line":511,"column":19},"end":{"line":511,"column":35}}},"35":{"name":"validateIfAttribute","line":530,"loc":{"start":{"line":530,"column":0},"end":{"line":530,"column":50}}},"36":{"name":"handleSelfClosingHtmlTags","line":548,"loc":{"start":{"line":548,"column":0},"end":{"line":548,"column":42}}},"37":{"name":"(anonymous_37)","line":549,"loc":{"start":{"line":549,"column":28},"end":{"line":549,"column":44}}},"38":{"name":"(anonymous_38)","line":554,"loc":{"start":{"line":554,"column":37},"end":{"line":554,"column":50}}},"39":{"name":"handleRequire","line":563,"loc":{"start":{"line":563,"column":0},"end":{"line":563,"column":37}}},"40":{"name":"handleImport","line":580,"loc":{"start":{"line":580,"column":0},"end":{"line":580,"column":36}}},"41":{"name":"convertTemplateToReact","line":605,"loc":{"start":{"line":605,"column":0},"end":{"line":605,"column":47}}},"42":{"name":"parseAndConvertHtmlToReact","line":610,"loc":{"start":{"line":610,"column":0},"end":{"line":610,"column":51}}},"43":{"name":"(anonymous_43)","line":624,"loc":{"start":{"line":624,"column":24},"end":{"line":624,"column":39}}},"44":{"name":"convertRT","line":654,"loc":{"start":{"line":654,"column":0},"end":{"line":654,"column":49}}},"45":{"name":"(anonymous_45)","line":663,"loc":{"start":{"line":663,"column":46},"end":{"line":663,"column":59}}},"46":{"name":"(anonymous_46)","line":666,"loc":{"start":{"line":666,"column":46},"end":{"line":666,"column":59}}},"47":{"name":"(anonymous_47)","line":669,"loc":{"start":{"line":669,"column":46},"end":{"line":669,"column":62}}},"48":{"name":"(anonymous_48)","line":672,"loc":{"start":{"line":672,"column":50},"end":{"line":672,"column":66}}},"49":{"name":"parseJS","line":695,"loc":{"start":{"line":695,"column":0},"end":{"line":695,"column":32}}},"50":{"name":"convertJSRTToJS","line":711,"loc":{"start":{"line":711,"column":0},"end":{"line":711,"column":55}}},"51":{"name":"(anonymous_51)","line":715,"loc":{"start":{"line":715,"column":49},"end":{"line":715,"column":75}}}},"statementMap":{"1":{"start":{"line":3,"column":0},"end":{"line":3,"column":269}},"2":{"start":{"line":3,"column":101},"end":{"line":3,"column":119}},"3":{"start":{"line":3,"column":141},"end":{"line":3,"column":266}},"4":{"start":{"line":5,"column":0},"end":{"line":5,"column":33}},"5":{"start":{"line":6,"column":0},"end":{"line":6,"column":26}},"6":{"start":{"line":7,"column":0},"end":{"line":7,"column":33}},"7":{"start":{"line":8,"column":0},"end":{"line":8,"column":37}},"8":{"start":{"line":9,"column":0},"end":{"line":9,"column":51}},"9":{"start":{"line":10
[...]
":{"line":149,"type":"if","locations":[{"start":{"line":149,"column":12},"end":{"line":149,"column":12}},{"start":{"line":149,"column":12},"end":{"line":149,"column":12}}]},"22":{"line":165,"type":"if","locations":[{"start":{"line":165,"column":12},"end":{"line":165,"column":12}},{"start":{"line":165,"column":12},"end":{"line":165,"column":12}}]},"23":{"line":165,"type":"binary-expr","locations":[{"start":{"line":165,"column":16},"end":{"line":165,"column":30}},{"start":{"line":165,"column":34},"end":{"line":165,"column":52}}]},"24":{"line":174,"type":"cond-expr","locations":[{"start":{"line":174,"column":34},"end":{"line":174,"column":50}},{"start":{"line":174,"column":53},"end":{"line":174,"column":55}}]},"25":{"line":176,"type":"binary-expr","locations":[{"start":{"line":176,"column":26},"end":{"line":176,"column":45}},{"start":{"line":177,"column":25},"end":{"line":177,"column":36}}]},"26":{"line":180,"type":"if","locations":[{"start":{"line":180,"column":12},"end":{"line":180,"column":12}},{"start":{"line":180,"column":12},"end":{"line":180,"column":12}}]},"27":{"line":180,"type":"binary-expr","locations":[{"start":{"line":180,"column":16},"end":{"line":180,"column":28}},{"start":{"line":180,"column":32},"end":{"line":180,"column":90}}]},"28":{"line":184,"type":"if","locations":[{"start":{"line":184,"column":20},"end":{"line":184,"column":20}},{"start":{"line":184,"column":20},"end":{"line":184,"column":20}}]},"29":{"line":201,"type":"if","locations":[{"start":{"line":201,"column":12},"end":{"line":201,"column":12}},{"start":{"line":201,"column":12},"end":{"line":201,"column":12}}]},"30":{"line":212,"type":"cond-expr","locations":[{"start":{"line":212,"column":39},"end":{"line":212,"column":55}},{"start":{"line":212,"column":58},"end":{"line":212,"column":60}}]},"31":{"line":237,"type":"if","locations":[{"start":{"line":237,"column":4},"end":{"line":237,"column":4}},{"start":{"line":237,"column":4},"end":{"line":237,"column":4}}]},"32":{"line":237,"type":"binary-expr","locations":[{"start":{"line":237,"column":8},"end":{"line":237,"column":35}},{"start":{"line":237,"column":40},"end":{"line":237,"column":57}},{"start":{"line":238,"column":12},"end":{"line":238,"column":42}},{"start":{"line":239,"column":12},"end":{"line":239,"column":28}},{"start":{"line":240,"column":12},"end":{"line":240,"column":35}}]},"33":{"line":247,"type":"if","locations":[{"start":{"line":247,"column":12},"end":{"line":247,"column":12}},{"start":{"line":247,"column":12},"end":{"line":247,"column":12}}]},"34":{"line":252,"type":"if","locations":[{"start":{"line":252,"column":11},"end":{"line":252,"column":11}},{"start":{"line":252,"column":11},"end":{"line":252,"column":11}}]},"35":{"line":252,"type":"binary-expr","locations":[{"start":{"line":252,"column":15},"end":{"line":252,"column":41}},{"start":{"line":252,"column":46},"end":{"line":252,"column":63}},{"start":{"line":253,"column":12},"end":{"line":253,"column":28}}]},"36":{"line":259,"type":"if","locations":[{"start":{"line":259,"column":12},"end":{"line":259,"column":12}},{"start":{"line":259,"column":12},"end":{"line":259,"column":12}}]},"37":{"line":261,"type":"if","locations":[{"start":{"line":261,"column":20},"end":{"line":261,"column":20}},{"start":{"line":261,"column":20},"end":{"line":261,"column":20}}]},"38":{"line":268,"type":"if","locations":[{"start":{"line":268,"column":12},"end":{"line":268,"column":12}},{"start":{"line":268,"column":12},"end":{"line":268,"column":12}}]},"39":{"line":276,"type":"if","locations":[{"start":{"line":276,"column":16},"end":{"line":276,"column":16}},{"start":{"line":276,"column":16},"end":{"line":276,"column":16}}]},"40":{"line":278,"type":"if","locations":[{"start":{"line":278,"column":20},"end":{"line":278,"column":20}},{"start":{"line":278,"column":20},"end":{"line":278,"column":20}}]},"41":{"line":278,"type":"binary-expr","locations":[{"start":{"line":278,"column":24},"end":{"line":278,"column":36}},{"start":{"line":278,"column":40},"end":{"line":278,"column":52}}]},"42":{"line":290,"type":"if","locations":[{"start":{"line":290,"column":11},"end":{"line":290,"column":11}},{"start":{"line":290,"column":11},"end":{"line":290,"column":11}}]},"43":{"line":290,"type":"binary-expr","locations":[{"start":{"line":290,"column":15},"end":{"line":290,"column":43}},{"start":{"line":290,"column":48},"end":{"line":290,"column":65}},{"start":{"line":291,"column":12},"end":{"line":291,"column":43}},{"start":{"line":291,"column":47},"end":{"line":291,"column":74}}]},"44":{"line":309,"type":"if","locations":[{"start":{"line":309,"column":16},"end":{"line":309,"column":16}},{"start":{"line":309,"column":16},"end":{"line":309,"column":16}}]},"45":{"line":309,"type":"binary-expr","locations":[{"start":{"line":309,"column":20},"end":{"line":309,"column":24}},{"start":{"line":309,"column":28},"end":{"line":309,"column":41}},{"start":{"line":309,"column":45},"end":{"line":309,"column":70}}]}},"code":["/**"," * @license RequireJS text 2.0.5 Copyright (c) 2010-2012, The Dojo Foundation All Rights Reserved."," * Available via the MIT or new BSD license."," * see: http://github.com/requirejs/text for details"," */","/*jslint regexp: true */","/*global require: false, XMLHttpRequest: false, ActiveXObject: false,","  define: false, window: false, process: false, Packages: false,","  java: false, location: false */","","define(['module'], function (module) {","    'use strict';","","    var text, fs,","        progIds = ['Msxml2.XMLHTTP', 'Microsoft.XMLHTTP', 'Msxml2.XMLHTTP.4.0'],","        xmlRegExp = /^\\s*<\\?xml(\\s)+version=[\\'\\\"](\\d)*.(\\d)*[\\'\\\"](\\s)*\\?>/im,","        bodyRegExp = /<body[^>]*>\\s*([\\s\\S]+)\\s*<\\/body>/im,","        hasLocation = typeof location !== 'undefined' && location.href,","        defaultProtocol = hasLocation && location.protocol && location.protocol.replace(/\\:/, ''),","        defaultHostName = hasLocation && location.hostname,","        defaultPort = hasLocation && (location.port || undefined),","        buildMap = [],","        masterConfig = (module.config && module.config()) || {};","","    text = {","        version: '2.0.5',","","        strip: function (content) {","            //Strips <?xml ...?> declarations so that external SVG and XML","            //documents can be added to a document without worry. Also, if the string","            //is an HTML document, only the part inside the body tag is returned.","            if (content) {","                content = content.replace(xmlRegExp, \"\");","                var matches = content.match(bodyRegExp);","                if (matches) {","                    content = matches[1];","                }","            } else {","                content = \"\";","            }","            return content;","        },","","        jsEscape: function (content) {","            return content.replace(/(['\\\\])/g, '\\\\$1')","                .replace(/[\\f]/g, \"\\\\f\")","                .replace(/[\\b]/g, \"\\\\b\")","                .replace(/[\\n]/g, \"\\\\n\")","                .replace(/[\\t]/g, \"\\\\t\")","                .replace(/[\\r]/g, \"\\\\r\")","                .replace(/[\\u2028]/g, \"\\\\u2028\")","                .replace(/[\\u2029]/g, \"\\\\u2029\");","        },","","        createXhr: masterConfig.createXhr || function () {","            //Would love to dump the ActiveX crap in here. Need IE 6 to die first.","            var xhr, i, progId;","            if (typeof XMLHttpRequest !== \"undefined\") {","                return new XMLHttpRequest();","            } else if (typeof ActiveXObject !== \"undefined\") {","                for (i = 0; i < 3; i += 1) {","                    progId = progIds[i];","                    try {","                        xhr = new ActiveXObject(progId);","                    } catch (e) {}","","                    if (xhr) {","                        progIds = [progId];  // so faster next time","                        break;","                    }","                }","            }","","            return xhr;","        },","","        /**","         * Parses a resource name into its component parts. Resource names","         * look like: module/name.ext!strip, where the !strip part is","         * optional.","         * @param {String} name the resource name","         * @returns {Object} with properties \"moduleName\", \"ext\" and \"strip\"","         * where strip is a boolean.","         */","        parseName: function (name) {","            var modName, ext, temp,","                strip = false,","                index = name.indexOf(\".\"),","                isRelative = name.indexOf('./') === 0 ||","                             name.indexOf('../') === 0;","","            if (index !== -1 && (!isRelative || index > 1)) {","                modName = name.substring(0, index);","                ext = name.substring(index + 1, name.length);","            } else {","                modName = name;","            }","","            temp = ext || modName;","            index = temp.indexOf(\"!\");","            if (index !== -1) {","                //Pull off the strip arg.","                strip = temp.substring(index + 1) === \"strip\";","                temp = temp.substring(0, index);","                if (ext) {","                    ext = temp;","                } else {","                    modName = temp;","                }","            }","","            return {","                moduleName: modName,","                ext: ext,","                strip: strip","            };","        },","","        xdRegExp: /^((\\w+)\\:)?\\/\\/([^\\/\\\\]+)/,","","        /**","         * Is an URL on another domain. Only works for browser use, returns","         * false in non-browser environments. Only used to know if an","         * optimized .js version of a text resource should be loaded","         * instead.","         * @param {String} url","         * @returns Boolean","         */","        useXhr: function (url, protocol, hostname, port) {","            var uProtocol, uHostName, uPort,","                match = text.xdRegExp.exec(url);","            if (!match) {","                return true;","            }","            uProtocol = match[2];","            uHostName = match[3];","","            uHostName = uHostName.split(':');","            uPort = uHostName[1];","            uHostName = uHostName[0];","","            return (!uProtocol || uProtocol === protocol) &&","                   (!uHostName || uHostName.toLowerCase() === hostname.toLowerCase()) &&","                   ((!uPort && !uHostName) || uPort === port);","        },","","        finishLoad: function (name, strip, content, onLoad) {","            content = strip ? text.strip(content) : content;","            if (masterConfig.isBuild) {","                buildMap[name] = content;","            }","            onLoad(content);","        },","","        load: function (name, req, onLoad, config) {","            //Name has format: some.module.filext!strip","            //The strip part is optional.","            //if strip is present, then that means only get the string contents","            //inside a body tag in an HTML string. For XML/SVG content it means","            //removing the <?xml ...?> declarations so the content can be inserted","            //into the current doc without problems.","","            // Do not bother with the work if a build and text will","            // not be inlined.","            if (config.isBuild && !config.inlineText) {","                onLoad();","                return;","            }","","            masterConfig.isBuild = config.isBuild;","","            var parsed = text.parseName(name),","                nonStripName = parsed.moduleName +","                    (parsed.ext ? '.' + parsed.ext : ''),","                url = req.toUrl(nonStripName),","                useXhr = (masterConfig.useXhr) ||","                         text.useXhr;","","            //Load the text. Use XHR if possible and in a browser.","            if (!hasLocation || useXhr(url, defaultProtocol, defaultHostName, defaultPort)) {","                text.get(url, function (content) {","                    text.finishLoad(name, parsed.strip, content, onLoad);","                }, function (err) {","                    if (onLoad.error) {","                        onLoad.error(err);","                    }","                });","            } else {","                //Need to fetch the resource across domains. Assume","                //the resource has been optimized into a JS module. Fetch","                //by the module name + extension, but do not include the","                //!strip part to avoid file system issues.","                req([nonStripName], function (content) {","                    text.finishLoad(parsed.moduleName + '.' + parsed.ext,","                                    parsed.strip, content, onLoad);","                });","            }","        },","","        write: function (pluginName, moduleName, write, config) {","            if (buildMap.hasOwnProperty(moduleName)) {","                var content = text.jsEscape(buildMap[moduleName]);","                write.asModule(pluginName + \"!\" + moduleName,","                               \"define(function () { return '\" +","                                   content +","                               \"';});\\n\");","            }","        },","","        writeFile: function (pluginName, moduleName, req, write, config) {","            var parsed = text.parseName(moduleName),","                extPart = parsed.ext ? '.' + parsed.ext : '',","                nonStripName = parsed.moduleName + extPart,","                //Use a '.js' file name so that it indicates it is a","                //script that can be loaded across domains.","                fileName = req.toUrl(parsed.moduleName + extPart) + '.js';","","            //Leverage own load() method to load plugin value, but only","            //write out values that do not have the strip argument,","            //to avoid any potential issues with ! in file names.","            text.load(nonStripName, req, function (value) {","                //Use own write() method to construct full module value.","                //But need to create shell that translates writeFile's","                //write() to the right interface.","                var textWrite = function (contents) {","                    return write(fileName, contents);","                };","                textWrite.asModule = function (moduleName, contents) {","                    return write.asModule(moduleName, fileName, contents);","                };","","                text.write(pluginName, nonStripName, textWrite, config);","            }, config);","        }","    };","","    if (masterConfig.env === 'node' || (!masterConfig.env &&","            typeof process !== \"undefined\" &&","            process.versions &&","            !!process.versions.node)) {","        //Using special require.nodeRequire, something added by r.js.","        fs = require.nodeRequire('fs');","","        text.get = function (url, callback) {","            var file = fs.readFileSync(url, 'utf8');","            //Remove BOM (Byte Mark Order) from utf8 files if it is there.","            if (file.indexOf('\\uFEFF') === 0) {","                file = file.substring(1);","            }","            callback(file);","        };","    } else if (masterConfig.env === 'xhr' || (!masterConfig.env &&","            text.createXhr())) {","        text.get = function (url, callback, errback, headers) {","            var xhr = text.createXhr(), header;","            xhr.open('GET', url, true);","","            //Allow plugins direct access to xhr headers","            if (headers) {","                for (header in headers) {","                    if (headers.hasOwnProperty(header)) {","                        xhr.setRequestHeader(header.toLowerCase(), headers[header]);","                    }","                }","            }","","            //Allow overrides specified in config","            if (masterConfig.onXhr) {","                masterConfig.onXhr(xhr, url);","            }","","            xhr.onreadystatechange = function (evt) {","                var status, err;","                //Do not explicitly handle errors, those should be","                //visible via console output in the browser.","                if (xhr.readyState === 4) {","                    status = xhr.status;","                    if (status > 399 && status < 600) {","                        //An http 4xx or 5xx error. Signal an error.","                        err = new Error(url + ' HTTP status: ' + status);","                        err.xhr = xhr;","                        errback(err);","                    } else {","                        callback(xhr.responseText);","                    }","                }","            };","            xhr.send(null);","        };","    } else if (masterConfig.env === 'rhino' || (!masterConfig.env &&","            typeof Packages !== 'undefined' && typeof java !== 'undefined')) {","        //Why Java, why is this so awkward?","        text.get = function (url, callback) {","            var stringBuffer, line,","                encoding = \"utf-8\",","                file = new java.io.File(url),","                lineSeparator = java.lang.System.getProperty(\"line.separator\"),","                input = new java.io.BufferedReader(new java.io.InputStreamReader(new java.io.FileInputStream(file), encoding)),","                content = '';","            try {","                stringBuffer = new java.lang.StringBuffer();","                line = input.readLine();","","                // Byte Order Mark (BOM) - The Unicode Standard, version 3.0, page 324","                // http://www.unicode.org/faq/utf_bom.html","","                // Note that when we use utf-8, the BOM should appear as \"EF BB BF\", but it doesn't due to this bug in the JDK:","                // http://bugs.sun.com/bugdatabase/view_bug.do?bug_id=4508058","                if (line && line.length() && line.charAt(0) === 0xfeff) {","                    // Eat the BOM, since we've already found the encoding on this file,","                    // and we plan to concatenating this buffer with others; the BOM should","                    // only appear at the top of a file.","                    line = line.substring(1);","                }","","                stringBuffer.append(line);","","                while ((line = input.readLine()) !== null) {","                    stringBuffer.append(lineSeparator);","                    stringBuffer.append(line);","                }","                //Make sure we return a JavaScript string and not a Java string.","                content = String(stringBuffer.toString()); //String","            } finally {","                input.close();","            }","            callback(content);","        };","    }","","    return text;","});",""],"l":{"11":2,"14":0,"25":0,"32":0,"33":0,"34":0,"35":0,"36":0,"39":0,"41":0,"45":0,"57":0,"58":0,"59":0,"60":0,"61":0,"62":0,"63":0,"64":0,"67":0,"68":0,"69":0,"74":0,"86":0,"92":0,"93":0,"94":0,"96":0,"99":0,"100":0,"101":0,"103":0,"104":0,"105":0,"106":0,"108":0,"112":0,"130":0,"132":0,"133":0,"135":0,"136":0,"138":0,"139":0,"140":0,"142":0,"148":0,"149":0,"150":0,"152":0,"165":0,"166":0,"167":0,"170":0,"172":0,"180":0,"181":0,"182":0,"184":0,"185":0,"193":0,"194":0,"201":0,"202":0,"203":0,"211":0,"221":0,"225":0,"226":0,"228":0,"229":0,"232":0,"237":0,"242":0,"244":0,"245":0,"247":0,"248":0,"250":0,"252":0,"254":0,"255":0,"256":0,"259":0,"260":0,"261":0,"262":0,"268":0,"269":0,"272":0,"273":0,"276":0,"277":0,"278":0,"280":0,"281":0,"282":0,"284":0,"288":0,"290":0,"293":0,"294":0,"300":0,"301":0,"302":0,"309":0,"313":0,"316":0,"318":0,"319":0,"320":0,"323":0,"325":0,"327":0,"331":0}}}